Using pre-set license
Built from '2020.3/staging' branch; Version is '2020.3.13f1 (71691879b7f5) revision 7432472'; Using compiler version '192528614'; Build Type 'Release'
OS: 'Windows 10 Home; OS build 22621.521; Version 2009; 64bit' Language: 'en' Physical Memory: 32680 MB
BatchMode: 1, IsHumanControllingUs: 0, StartBugReporterOnCrash: 0, Is64bit: 1, IsPro: 0

 COMMAND LINE ARGUMENTS:
D:\unity\2020.3.13f1\Editor\Unity.exe
-adb2
-batchMode
-noUpm
-name
AssetImportWorker0
-projectPath
C:/Users/dylan/Downloads/CC_Shaders/CC_Shaders
-logFile
Logs/AssetImportWorker0.log
-srvPort
51488
Successfully changed project path to: C:/Users/dylan/Downloads/CC_Shaders/CC_Shaders
C:/Users/dylan/Downloads/CC_Shaders/CC_Shaders
Using Asset Import Pipeline V2.
Refreshing native plugins compatible for Editor in 49.26 ms, found 2 plugins.
Preloading 0 native plugins for Editor in 0.00 ms.
Initialize engine version: 2020.3.13f1 (71691879b7f5)
[Subsystems] Discovering subsystems at path D:/unity/2020.3.13f1/Editor/Data/Resources/UnitySubsystems
[Subsystems] Discovering subsystems at path C:/Users/dylan/Downloads/CC_Shaders/CC_Shaders/Assets
GfxDevice: creating device client; threaded=0
Direct3D:
    Version:  Direct3D 11.0 [level 11.1]
    Renderer: NVIDIA GeForce RTX 2080 Ti (ID=0x1e07)
    Vendor:   
    VRAM:     11049 MB
    Driver:   31.0.15.1694
Initialize mono
Mono path[0] = 'D:/unity/2020.3.13f1/Editor/Data/Managed'
Mono path[1] = 'D:/unity/2020.3.13f1/Editor/Data/MonoBleedingEdge/lib/mono/unityjit'
Mono config path = 'D:/unity/2020.3.13f1/Editor/Data/MonoBleedingEdge/etc'
Using monoOptions --debugger-agent=transport=dt_socket,embedding=1,server=y,suspend=n,address=127.0.0.1:56344
Begin MonoManager ReloadAssembly
Registering precompiled unity dll's ...
Register platform support module: D:/unity/2020.3.13f1/Editor/Data/PlaybackEngines/WindowsStandaloneSupport/UnityEditor.WindowsStandalone.Extensions.dll
Registered in 0.001576 seconds.
Native extension for WindowsStandalone target not found
Refreshing native plugins compatible for Editor in 51.55 ms, found 2 plugins.
Preloading 0 native plugins for Editor in 0.00 ms.
Mono: successfully reloaded assembly
- Completed reload, in  0.903 seconds
Platform modules already initialized, skipping
Registering precompiled user dll's ...
Registered in 0.004151 seconds.
Begin MonoManager ReloadAssembly
Native extension for WindowsStandalone target not found
Refreshing native plugins compatible for Editor in 52.11 ms, found 2 plugins.
Preloading 0 native plugins for Editor in 0.00 ms.
Mono: successfully reloaded assembly
- Completed reload, in  0.988 seconds
Platform modules already initialized, skipping
========================================================================
Worker process is ready to serve import requests
Launched and connected shader compiler UnityShaderCompiler.exe after 0.04 seconds
Refreshing native plugins compatible for Editor in 0.67 ms, found 2 plugins.
Preloading 0 native plugins for Editor in 0.00 ms.
Unloading 3229 Unused Serialized files (Serialized files now loaded: 0)
System memory in use before: 139.8 MB.
System memory in use after: 140.0 MB.

Unloading 17 unused Assets to reduce memory usage. Loaded Objects now: 3664.
Total: 2.611100 ms (FindLiveObjects: 0.398000 ms CreateObjectMapping: 0.086200 ms MarkObjects: 2.053100 ms  DeleteObjects: 0.072900 ms)

AssetImportParameters requested are different than current active one (requested -> active):
  custom:framework-win-MediaFoundation: 216162199b28c13a410421893ffa2e32 -> 
  custom:video-decoder-ogg-theora: a1e56fd34408186e4bbccfd4996cb3dc -> 
  custom:container-muxer-webm: aa71ff27fc2769a1b78a27578f13a17b -> 
  custom:container-demuxer-webm: 4f35f7cbe854078d1ac9338744f61a02 -> 
  custom:container-demuxer-ogg: 62fdf1f143b41e24485cea50d1cbac27 -> 
  custom:video-encoder-webm-vp8: eb34c28f22e8b96e1ab97ce403110664 -> 
  custom:video-codec-MediaFoundation-h265: 746d11721c4dcdbdad8f713fa42b33f4 -> 
  custom:video-decoder-webm-vp8: 9c59270c3fd7afecdb556c50c9e8de78 -> 
  custom:audio-decoder-ogg-vorbis: bf7c407c2cedff20999df2af8eb42d56 -> 
  custom:audio-encoder-webm-vorbis: bf7c407c2cedff20999df2af8eb42d56 -> 
========================================================================
Received Import Request.
  path: Assets/CreativeCore_Shaders/Scenes/TutorialScene_Shaders/LightingData.asset
  artifactKey: Guid(86b7be80d93300f4982b4c043fa3ddcc) Importer(815301076,1909f56bfc062723c751e8b465ee728b)
Start importing Assets/CreativeCore_Shaders/Scenes/TutorialScene_Shaders/LightingData.asset using Guid(86b7be80d93300f4982b4c043fa3ddcc) Importer(815301076,1909f56bfc062723c751e8b465ee728b)  -> (artifact id: 'f9ad8d432930f478ad0795252e460953') in 0.039442 seconds 
  Import took 0.055157 seconds .

========================================================================
Received Import Request.
  Time since last request: 0.007911 seconds.
  path: Assets/CreativeCore_Shaders/Scenes/TutorialScene_Shaders/ReflectionProbe-1.exr
  artifactKey: Guid(09898c555a993894188b059f6891050d) Importer(815301076,1909f56bfc062723c751e8b465ee728b)
Start importing Assets/CreativeCore_Shaders/Scenes/TutorialScene_Shaders/ReflectionProbe-1.exr using Guid(09898c555a993894188b059f6891050d) Importer(815301076,1909f56bfc062723c751e8b465ee728b)  -> (artifact id: '5083995b7b7b45c00e061b1b476b5c96') in 0.064741 seconds 
  Import took 0.069990 seconds .

========================================================================
Received Import Request.
  Time since last request: 0.000347 seconds.
  path: Assets/CreativeCore_Shaders/Scenes/TutorialScene_Shaders/ReflectionProbe-0.exr
  artifactKey: Guid(97ece2fe5a08f2843a1166d010695069) Importer(815301076,1909f56bfc062723c751e8b465ee728b)
Start importing Assets/CreativeCore_Shaders/Scenes/TutorialScene_Shaders/ReflectionProbe-0.exr using Guid(97ece2fe5a08f2843a1166d010695069) Importer(815301076,1909f56bfc062723c751e8b465ee728b)  -> (artifact id: 'd31791414b736fe020c682ec7cfa5a05') in 0.022342 seconds 
  Import took 0.027125 seconds .

========================================================================
Received Import Request.
  Time since last request: 0.000316 seconds.
  path: Assets/CreativeCore_Shaders/Scenes/TutorialScene_Shaders/Lightmap-3_comp_light.exr
  artifactKey: Guid(920314c08e18b23418e81bdded4aa52c) Importer(815301076,1909f56bfc062723c751e8b465ee728b)
Start importing Assets/CreativeCore_Shaders/Scenes/TutorialScene_Shaders/Lightmap-3_comp_light.exr using Guid(920314c08e18b23418e81bdded4aa52c) Importer(815301076,1909f56bfc062723c751e8b465ee728b)  -> (artifact id: '7df2902faa9ecb2dc0aa8409ed63c983') in 0.027461 seconds 
  Import took 0.031620 seconds .

========================================================================
Received Import Request.
  Time since last request: 0.000289 seconds.
  path: Assets/CreativeCore_Shaders/Scenes/TutorialScene_Shaders/Lightmap-2_comp_dir.png
  artifactKey: Guid(1c2c1db797c198d438b0804894b0406c) Importer(815301076,1909f56bfc062723c751e8b465ee728b)
Start importing Assets/CreativeCore_Shaders/Scenes/TutorialScene_Shaders/Lightmap-2_comp_dir.png using Guid(1c2c1db797c198d438b0804894b0406c) Importer(815301076,1909f56bfc062723c751e8b465ee728b)  -> (artifact id: 'da3865d7eaa1e4e61e7b0e9ae29b724a') in 0.031018 seconds 
  Import took 0.035013 seconds .

========================================================================
Received Import Request.
  Time since last request: 0.000313 seconds.
  path: Assets/CreativeCore_Shaders/Scenes/TutorialScene_Shaders/Lightmap-1_comp_dir.png
  artifactKey: Guid(92ba4cc726b828e45abceca5180d887a) Importer(815301076,1909f56bfc062723c751e8b465ee728b)
Start importing Assets/CreativeCore_Shaders/Scenes/TutorialScene_Shaders/Lightmap-1_comp_dir.png using Guid(92ba4cc726b828e45abceca5180d887a) Importer(815301076,1909f56bfc062723c751e8b465ee728b)  -> (artifact id: '43eb742a4060ae204a0507946439d293') in 0.018153 seconds 
  Import took 0.022366 seconds .

========================================================================
Received Import Request.
  Time since last request: 0.000503 seconds.
  path: Assets/CreativeCore_Shaders/Scenes/TutorialScene_Shaders
  artifactKey: Guid(7c58777d8dcd2ca4e953d9ddc6836852) Importer(815301076,1909f56bfc062723c751e8b465ee728b)
Start importing Assets/CreativeCore_Shaders/Scenes/TutorialScene_Shaders using Guid(7c58777d8dcd2ca4e953d9ddc6836852) Importer(815301076,1909f56bfc062723c751e8b465ee728b)  -> (artifact id: 'b3f64a5efee8dab16652a2c3b540a406') in 0.004814 seconds 
  Import took 0.009070 seconds .

========================================================================
Received Import Request.
  Time since last request: 0.000322 seconds.
  path: Assets/CreativeCore_Shaders/Scenes/TutorialScene_Shaders/Lightmap-1_comp_dir.png
  artifactKey: Guid(92ba4cc726b828e45abceca5180d887a) Importer(815301076,1909f56bfc062723c751e8b465ee728b)
Start importing Assets/CreativeCore_Shaders/Scenes/TutorialScene_Shaders/Lightmap-1_comp_dir.png using Guid(92ba4cc726b828e45abceca5180d887a) Importer(815301076,1909f56bfc062723c751e8b465ee728b)  -> (artifact id: '43eb742a4060ae204a0507946439d293') in 0.010589 seconds 
  Import took 0.015790 seconds .

========================================================================
Received Import Request.
  Time since last request: 0.000373 seconds.
  path: Assets/CreativeCore_Shaders/Scenes/TutorialScene_Shaders/Lightmap-3_comp_dir.png
  artifactKey: Guid(ddacf35c27e4f734d8e8aca22e42c425) Importer(815301076,1909f56bfc062723c751e8b465ee728b)
Start importing Assets/CreativeCore_Shaders/Scenes/TutorialScene_Shaders/Lightmap-3_comp_dir.png using Guid(ddacf35c27e4f734d8e8aca22e42c425) Importer(815301076,1909f56bfc062723c751e8b465ee728b)  -> (artifact id: '7bc7e96a06cc667fc494ebfcb95a5bcc') in 0.011479 seconds 
  Import took 0.015881 seconds .

========================================================================
Received Import Request.
  Time since last request: 0.000386 seconds.
  path: Assets/CreativeCore_Shaders/Scenes/TutorialScene_Shaders/Lightmap-1_comp_light.exr
  artifactKey: Guid(6e3a1ba8aa82886438202432b3b60312) Importer(815301076,1909f56bfc062723c751e8b465ee728b)
Start importing Assets/CreativeCore_Shaders/Scenes/TutorialScene_Shaders/Lightmap-1_comp_light.exr using Guid(6e3a1ba8aa82886438202432b3b60312) Importer(815301076,1909f56bfc062723c751e8b465ee728b)  -> (artifact id: '1761959782add134a670703a48e9c470') in 0.017837 seconds 
  Import took 0.022353 seconds .

========================================================================
Received Import Request.
  Time since last request: 0.000318 seconds.
  path: Assets/CreativeCore_Shaders/Scenes/TutorialScene_Shaders/Lightmap-2_comp_light.exr
  artifactKey: Guid(e31ba0146360b7c45bd083d3584171e6) Importer(815301076,1909f56bfc062723c751e8b465ee728b)
Start importing Assets/CreativeCore_Shaders/Scenes/TutorialScene_Shaders/Lightmap-2_comp_light.exr using Guid(e31ba0146360b7c45bd083d3584171e6) Importer(815301076,1909f56bfc062723c751e8b465ee728b)  -> (artifact id: 'e3d073eaffebdcada0d69cf44a4e1525') in 0.012967 seconds 
  Import took 0.017518 seconds .

========================================================================
Received Import Request.
  Time since last request: 0.171742 seconds.
  path: Assets/CreativeCore_Shaders/Scenes/FinalScene_Shaders/LightingData.asset
  artifactKey: Guid(5a96d13b08e61c54d8719fa89b3677ff) Importer(815301076,1909f56bfc062723c751e8b465ee728b)
Start importing Assets/CreativeCore_Shaders/Scenes/FinalScene_Shaders/LightingData.asset using Guid(5a96d13b08e61c54d8719fa89b3677ff) Importer(815301076,1909f56bfc062723c751e8b465ee728b)  -> (artifact id: 'e624bd2c31c39be9f969d3776c71a1a6') in 0.005006 seconds 
  Import took 0.009801 seconds .

========================================================================
Received Import Request.
  Time since last request: 0.000351 seconds.
  path: Assets/CreativeCore_Shaders/Scenes/FinalScene_Shaders/ReflectionProbe-1.exr
  artifactKey: Guid(b2453d8f21092c140b875feed2790150) Importer(815301076,1909f56bfc062723c751e8b465ee728b)
Start importing Assets/CreativeCore_Shaders/Scenes/FinalScene_Shaders/ReflectionProbe-1.exr using Guid(b2453d8f21092c140b875feed2790150) Importer(815301076,1909f56bfc062723c751e8b465ee728b)  -> (artifact id: '66a90baa22ccc28eaf2bfc53fb59362b') in 0.019619 seconds 
  Import took 0.023920 seconds .

========================================================================
Received Import Request.
  Time since last request: 0.000315 seconds.
  path: Assets/CreativeCore_Shaders/Scenes/FinalScene_Shaders/Lightmap-1_comp_dir.png
  artifactKey: Guid(c1614aebbf12a0d469a43729507e686b) Importer(815301076,1909f56bfc062723c751e8b465ee728b)
Start importing Assets/CreativeCore_Shaders/Scenes/FinalScene_Shaders/Lightmap-1_comp_dir.png using Guid(c1614aebbf12a0d469a43729507e686b) Importer(815301076,1909f56bfc062723c751e8b465ee728b)  -> (artifact id: 'cb05015c2eba181f68f2f84382613c32') in 0.011655 seconds 
  Import took 0.016400 seconds .

========================================================================
Received Import Request.
  Time since last request: 0.000396 seconds.
  path: Assets/CreativeCore_Shaders/Scenes/FinalScene_Shaders/Lightmap-2_comp_light.exr
  artifactKey: Guid(9d9a05edff048604895d5713b8a279f6) Importer(815301076,1909f56bfc062723c751e8b465ee728b)
Start importing Assets/CreativeCore_Shaders/Scenes/FinalScene_Shaders/Lightmap-2_comp_light.exr using Guid(9d9a05edff048604895d5713b8a279f6) Importer(815301076,1909f56bfc062723c751e8b465ee728b)  -> (artifact id: '69cb782734db0555b8283e59f17a5d08') in 0.023551 seconds 
  Import took 0.027618 seconds .

========================================================================
Received Import Request.
  Time since last request: 0.000370 seconds.
  path: Assets/CreativeCore_Shaders/Scenes/FinalScene_Shaders/Lightmap-1_comp_dir.png
  artifactKey: Guid(c1614aebbf12a0d469a43729507e686b) Importer(815301076,1909f56bfc062723c751e8b465ee728b)
Start importing Assets/CreativeCore_Shaders/Scenes/FinalScene_Shaders/Lightmap-1_comp_dir.png using Guid(c1614aebbf12a0d469a43729507e686b) Importer(815301076,1909f56bfc062723c751e8b465ee728b)  -> (artifact id: 'cb05015c2eba181f68f2f84382613c32') in 0.016665 seconds 
  Import took 0.021058 seconds .

========================================================================
Received Import Request.
  Time since last request: 0.000479 seconds.
  path: Assets/CreativeCore_Shaders/Scenes/FinalScene_Shaders/Lightmap-2_comp_dir.png
  artifactKey: Guid(6b7980395f4987c49928cdaa64e7f2e4) Importer(815301076,1909f56bfc062723c751e8b465ee728b)
Start importing Assets/CreativeCore_Shaders/Scenes/FinalScene_Shaders/Lightmap-2_comp_dir.png using Guid(6b7980395f4987c49928cdaa64e7f2e4) Importer(815301076,1909f56bfc062723c751e8b465ee728b)  -> (artifact id: '2dfaff35b7875a560e93906106ed1bad') in 0.016161 seconds 
  Import took 0.020940 seconds .

========================================================================
Received Import Request.
  Time since last request: 0.000295 seconds.
  path: Assets/CreativeCore_Shaders/Scenes/FinalScene_Shaders/Lightmap-3_comp_light.exr
  artifactKey: Guid(972e50f84a3c4514db30d9c393d84737) Importer(815301076,1909f56bfc062723c751e8b465ee728b)
Start importing Assets/CreativeCore_Shaders/Scenes/FinalScene_Shaders/Lightmap-3_comp_light.exr using Guid(972e50f84a3c4514db30d9c393d84737) Importer(815301076,1909f56bfc062723c751e8b465ee728b)  -> (artifact id: '1a61a895751dcb81a03e46dedada51f8') in 0.021854 seconds 
  Import took 0.026185 seconds .

========================================================================
Received Import Request.
  Time since last request: 0.000288 seconds.
  path: Assets/CreativeCore_Shaders/Scenes/FinalScene_Shaders/ReflectionProbe-0.exr
  artifactKey: Guid(86861c74ad51a4a42a44b24d9e69fb7e) Importer(815301076,1909f56bfc062723c751e8b465ee728b)
Start importing Assets/CreativeCore_Shaders/Scenes/FinalScene_Shaders/ReflectionProbe-0.exr using Guid(86861c74ad51a4a42a44b24d9e69fb7e) Importer(815301076,1909f56bfc062723c751e8b465ee728b)  -> (artifact id: 'cf35d93ef361df4c995993546c93c1fa') in 0.025029 seconds 
  Import took 0.029197 seconds .

========================================================================
Received Import Request.
  Time since last request: 0.000361 seconds.
  path: Assets/CreativeCore_Shaders/Scenes/FinalScene_Shaders/Lightmap-1_comp_light.exr
  artifactKey: Guid(aaca0e4361bd14a4688078b752b5c06a) Importer(815301076,1909f56bfc062723c751e8b465ee728b)
Start importing Assets/CreativeCore_Shaders/Scenes/FinalScene_Shaders/Lightmap-1_comp_light.exr using Guid(aaca0e4361bd14a4688078b752b5c06a) Importer(815301076,1909f56bfc062723c751e8b465ee728b)  -> (artifact id: '20bc557dc19b185b97564842aa5405e0') in 0.025056 seconds 
  Import took 0.029258 seconds .

========================================================================
Received Import Request.
  Time since last request: 0.000305 seconds.
  path: Assets/CreativeCore_Shaders/Scenes/FinalScene_Shaders/Lightmap-3_comp_dir.png
  artifactKey: Guid(977685586b7894444a8b9133bf6f66c4) Importer(815301076,1909f56bfc062723c751e8b465ee728b)
Start importing Assets/CreativeCore_Shaders/Scenes/FinalScene_Shaders/Lightmap-3_comp_dir.png using Guid(977685586b7894444a8b9133bf6f66c4) Importer(815301076,1909f56bfc062723c751e8b465ee728b)  -> (artifact id: '2d40f7cba1bf97cdf7fece177c69f00a') in 0.024591 seconds 
  Import took 0.029074 seconds .

========================================================================
Received Import Request.
  Time since last request: 155.365778 seconds.
  path: Assets/CreativeCore_Shaders/Materials/glass jar.mat
  artifactKey: Guid(9ce76e575dbc28d45bc529f5e6d7e984) Importer(815301076,1909f56bfc062723c751e8b465ee728b)
Start importing Assets/CreativeCore_Shaders/Materials/glass jar.mat using Guid(9ce76e575dbc28d45bc529f5e6d7e984) Importer(815301076,1909f56bfc062723c751e8b465ee728b)  -> (artifact id: '8682d74c8ff08a19c4f8df496ef00aae') in 0.119251 seconds 
  Import took 0.124372 seconds .

========================================================================
Received Import Request.
  Time since last request: 0.000314 seconds.
  path: Assets/CreativeCore_Shaders/Materials/leaf.mat
  artifactKey: Guid(3b003ea7a9fcd3146ae7358275864862) Importer(815301076,1909f56bfc062723c751e8b465ee728b)
Start importing Assets/CreativeCore_Shaders/Materials/leaf.mat using Guid(3b003ea7a9fcd3146ae7358275864862) Importer(815301076,1909f56bfc062723c751e8b465ee728b)  -> (artifact id: 'e0daaa8252c484433275a46c5d4adfcc') in 0.013480 seconds 
  Import took 0.017567 seconds .

========================================================================
Received Import Request.
  Time since last request: 23.949044 seconds.
  path: Assets/CreativeCore_Shaders/Textures/Kettle/Materials/Kettle_E.mat
  artifactKey: Guid(916ae0c1b12f9cd41bfb32784f5ce5f7) Importer(815301076,1909f56bfc062723c751e8b465ee728b)
Start importing Assets/CreativeCore_Shaders/Textures/Kettle/Materials/Kettle_E.mat using Guid(916ae0c1b12f9cd41bfb32784f5ce5f7) Importer(815301076,1909f56bfc062723c751e8b465ee728b)  -> (artifact id: 'a017ae2d28126be8c2a2251fc15c1aed') in 0.025278 seconds 
  Import took 0.030360 seconds .

========================================================================
Received Import Request.
  Time since last request: 56.980619 seconds.
  path: Assets/CreativeCore_Shaders/Textures/Characters/Ellen/Ellen_Body_MetallicSmooth_AlphaVisual.png
  artifactKey: Guid(659a50510e5df415eac72f2ebf0dc0ae) Importer(815301076,1909f56bfc062723c751e8b465ee728b)
Start importing Assets/CreativeCore_Shaders/Textures/Characters/Ellen/Ellen_Body_MetallicSmooth_AlphaVisual.png using Guid(659a50510e5df415eac72f2ebf0dc0ae) Importer(815301076,1909f56bfc062723c751e8b465ee728b)  -> (artifact id: '19b902b38c412d8c21adbfcb902980c7') in 0.021488 seconds 
  Import took 0.026290 seconds .

========================================================================
Received Import Request.
  Time since last request: 0.000280 seconds.
  path: Assets/CreativeCore_Shaders/Textures/Characters/Ellen/Ellen_Hair_Flowmap.tif
  artifactKey: Guid(58b6e8a9f58278d418ddae62e8e12994) Importer(815301076,1909f56bfc062723c751e8b465ee728b)
Start importing Assets/CreativeCore_Shaders/Textures/Characters/Ellen/Ellen_Hair_Flowmap.tif using Guid(58b6e8a9f58278d418ddae62e8e12994) Importer(815301076,1909f56bfc062723c751e8b465ee728b)  -> (artifact id: 'b7d3f7982ae278d416741fab8ad0e2cc') in 0.022720 seconds 
  Import took 0.027589 seconds .

========================================================================
Received Import Request.
  Time since last request: 0.000286 seconds.
  path: Assets/CreativeCore_Shaders/Textures/Characters/Ellen/Ellen_head_SpecularSmoothness.tif
  artifactKey: Guid(935d99a93f3e0a049b5fe3adc4084776) Importer(815301076,1909f56bfc062723c751e8b465ee728b)
Start importing Assets/CreativeCore_Shaders/Textures/Characters/Ellen/Ellen_head_SpecularSmoothness.tif using Guid(935d99a93f3e0a049b5fe3adc4084776) Importer(815301076,1909f56bfc062723c751e8b465ee728b)  -> (artifact id: 'e8d2591f82645ee13e7044d1a761ee2d') in 0.029710 seconds 
  Import took 0.034524 seconds .

========================================================================
Received Import Request.
  Time since last request: 79.582503 seconds.
  path: Assets/CreativeCore_Shaders/Textures/Plant/Plant_Albedo.png
  artifactKey: Guid(dd2ba9933a88e5b4980ec5db7d279b83) Importer(815301076,1909f56bfc062723c751e8b465ee728b)
Start importing Assets/CreativeCore_Shaders/Textures/Plant/Plant_Albedo.png using Guid(dd2ba9933a88e5b4980ec5db7d279b83) Importer(815301076,1909f56bfc062723c751e8b465ee728b)  -> (artifact id: '22dfa39f26b3570ab1c470c63cf4d0cd') in 0.013264 seconds 
  Import took 0.018626 seconds .

========================================================================
Received Import Request.
  Time since last request: 0.000339 seconds.
  path: Assets/CreativeCore_Shaders/Textures/Plant/Plant_Normal.png
  artifactKey: Guid(34f1f5a9bd8261d45b758e7504ddc406) Importer(815301076,1909f56bfc062723c751e8b465ee728b)
Start importing Assets/CreativeCore_Shaders/Textures/Plant/Plant_Normal.png using Guid(34f1f5a9bd8261d45b758e7504ddc406) Importer(815301076,1909f56bfc062723c751e8b465ee728b)  -> (artifact id: '3e52674d50968cb099b51bbbb55fc02d') in 0.026427 seconds 
  Import took 0.030856 seconds .

========================================================================
Received Import Request.
  Time since last request: 0.000341 seconds.
  path: Assets/CreativeCore_Shaders/Textures/Plant/Plant_Albedo.png
  artifactKey: Guid(dd2ba9933a88e5b4980ec5db7d279b83) Importer(815301076,1909f56bfc062723c751e8b465ee728b)
Start importing Assets/CreativeCore_Shaders/Textures/Plant/Plant_Albedo.png using Guid(dd2ba9933a88e5b4980ec5db7d279b83) Importer(815301076,1909f56bfc062723c751e8b465ee728b)  -> (artifact id: '22dfa39f26b3570ab1c470c63cf4d0cd') in 0.013764 seconds 
  Import took 0.017920 seconds .

========================================================================
Received Import Request.
  Time since last request: 223.343563 seconds.
  path: Assets/CreativeCore_Shaders/Materials/leaf.mat
  artifactKey: Guid(3b003ea7a9fcd3146ae7358275864862) Importer(815301076,1909f56bfc062723c751e8b465ee728b)
Start importing Assets/CreativeCore_Shaders/Materials/leaf.mat using Guid(3b003ea7a9fcd3146ae7358275864862) Importer(815301076,1909f56bfc062723c751e8b465ee728b)  -> (artifact id: '30a6649daee3c9d6b7824ffdad97746a') in 0.074917 seconds 
  Import took 0.080156 seconds .

========================================================================
Received Import Request.
  Time since last request: 0.000329 seconds.
  path: Assets/CreativeCore_Shaders/Materials/pavement.mat
  artifactKey: Guid(ca7a0eafa22485545b81100061a1bf49) Importer(815301076,1909f56bfc062723c751e8b465ee728b)
Start importing Assets/CreativeCore_Shaders/Materials/pavement.mat using Guid(ca7a0eafa22485545b81100061a1bf49) Importer(815301076,1909f56bfc062723c751e8b465ee728b)  -> (artifact id: '29bc655da41e15b1d3acd143a90f67f6') in 0.011642 seconds 
  Import took 0.016352 seconds .

========================================================================
Received Import Request.
  Time since last request: 0.000316 seconds.
  path: Assets/CreativeCore_Shaders/Materials/PlainWhite.mat
  artifactKey: Guid(c68e7d187af4cd7489ee63e69ae21740) Importer(815301076,1909f56bfc062723c751e8b465ee728b)
Start importing Assets/CreativeCore_Shaders/Materials/PlainWhite.mat using Guid(c68e7d187af4cd7489ee63e69ae21740) Importer(815301076,1909f56bfc062723c751e8b465ee728b)  -> (artifact id: '056e469405ceb5d77a23462c8284a12a') in 0.042276 seconds 
  Import took 0.046298 seconds .

========================================================================
Received Import Request.
  Time since last request: 1026.788979 seconds.
  path: Assets/CreativeCore_Shaders/ShaderGraphs
  artifactKey: Guid(0a3d3d3d002019b478933aa4a6bf2604) Importer(815301076,1909f56bfc062723c751e8b465ee728b)
Start importing Assets/CreativeCore_Shaders/ShaderGraphs using Guid(0a3d3d3d002019b478933aa4a6bf2604) Importer(815301076,1909f56bfc062723c751e8b465ee728b)  -> (artifact id: 'db55cf64265b3bb80e1083d6d9f5cf5f') in 0.003960 seconds 
  Import took 0.009404 seconds .

========================================================================
Received Import Request.
  Time since last request: 38.815969 seconds.
  path: Assets/CreativeCore_Shaders/ShaderGraphs/Example_Dissolve.shadergraph
  artifactKey: Guid(e589918dde7825a4fba017b438e44303) Importer(815301076,1909f56bfc062723c751e8b465ee728b)
Start importing Assets/CreativeCore_Shaders/ShaderGraphs/Example_Dissolve.shadergraph using Guid(e589918dde7825a4fba017b438e44303) Importer(815301076,1909f56bfc062723c751e8b465ee728b)  -> (artifact id: 'ab75113b339d23c39f5809bc1dc04736') in 0.012944 seconds 
  Import took 0.018135 seconds .

========================================================================
Received Import Request.
  Time since last request: 0.021455 seconds.
  path: Assets/CreativeCore_Shaders/ShaderGraphs/Example_Dissolve.shadergraph
  artifactKey: Guid(e589918dde7825a4fba017b438e44303) Importer(815301076,1909f56bfc062723c751e8b465ee728b)
Start importing Assets/CreativeCore_Shaders/ShaderGraphs/Example_Dissolve.shadergraph using Guid(e589918dde7825a4fba017b438e44303) Importer(815301076,1909f56bfc062723c751e8b465ee728b)  -> (artifact id: 'ab75113b339d23c39f5809bc1dc04736') in 0.004473 seconds 
  Import took 0.008955 seconds .

========================================================================
Received Import Request.
  Time since last request: 128.585300 seconds.
  path: Assets/CreativeCore_Shaders/ShaderGraphs/New Shader Graph.shadergraph
  artifactKey: Guid(203efd8ab28eda14f8a56f519e62601f) Importer(815301076,1909f56bfc062723c751e8b465ee728b)
Start importing Assets/CreativeCore_Shaders/ShaderGraphs/New Shader Graph.shadergraph using Guid(203efd8ab28eda14f8a56f519e62601f) Importer(815301076,1909f56bfc062723c751e8b465ee728b)  -> (artifact id: '99e1c426c55e60a01328e01bb05d22a9') in 0.005563 seconds 
  Import took 0.010815 seconds .

========================================================================
Received Import Request.
  Time since last request: 0.001804 seconds.
  path: Assets/CreativeCore_Shaders/ShaderGraphs/New Shader Graph.shadergraph
  artifactKey: Guid(203efd8ab28eda14f8a56f519e62601f) Importer(815301076,1909f56bfc062723c751e8b465ee728b)
Start importing Assets/CreativeCore_Shaders/ShaderGraphs/New Shader Graph.shadergraph using Guid(203efd8ab28eda14f8a56f519e62601f) Importer(815301076,1909f56bfc062723c751e8b465ee728b)  -> (artifact id: '99e1c426c55e60a01328e01bb05d22a9') in 0.004924 seconds 
  Import took 0.008806 seconds .

========================================================================
Received Import Request.
  Time since last request: 15.890981 seconds.
  path: Assets/CreativeCore_Shaders/ShaderGraphs/watersphere.shadergraph
  artifactKey: Guid(203efd8ab28eda14f8a56f519e62601f) Importer(815301076,1909f56bfc062723c751e8b465ee728b)
Start importing Assets/CreativeCore_Shaders/ShaderGraphs/watersphere.shadergraph using Guid(203efd8ab28eda14f8a56f519e62601f) Importer(815301076,1909f56bfc062723c751e8b465ee728b)  -> (artifact id: '1cfb590a9d92c079f74adb915b663f91') in 0.005209 seconds 
  Import took 0.009829 seconds .

========================================================================
Received Import Request.
  Time since last request: 21.770327 seconds.
  path: Assets/CreativeCore_Shaders/Materials/AppleRed.mat
  artifactKey: Guid(dfdbbf9f1ad2ce847885e3477d503408) Importer(815301076,1909f56bfc062723c751e8b465ee728b)
Start importing Assets/CreativeCore_Shaders/Materials/AppleRed.mat using Guid(dfdbbf9f1ad2ce847885e3477d503408) Importer(815301076,1909f56bfc062723c751e8b465ee728b)  -> (artifact id: '55e96df08740c8dedeeeaeb06734e176') in 0.033708 seconds 
  Import took 0.039003 seconds .

========================================================================
Received Import Request.
  Time since last request: 0.000305 seconds.
  path: Assets/CreativeCore_Shaders/Materials/New Material.mat
  artifactKey: Guid(c8ad21561e8ded54abe53e616cb2368f) Importer(815301076,1909f56bfc062723c751e8b465ee728b)
Start importing Assets/CreativeCore_Shaders/Materials/New Material.mat using Guid(c8ad21561e8ded54abe53e616cb2368f) Importer(815301076,1909f56bfc062723c751e8b465ee728b)  -> (artifact id: '3be5fb25ce353ca11ffd6d448c650444') in 0.012238 seconds 
  Import took 0.016993 seconds .

========================================================================
Received Import Request.
  Time since last request: 27.500438 seconds.
  path: Assets/CreativeCore_Shaders/Materials/waterball.mat
  artifactKey: Guid(c8ad21561e8ded54abe53e616cb2368f) Importer(815301076,1909f56bfc062723c751e8b465ee728b)
Start importing Assets/CreativeCore_Shaders/Materials/waterball.mat using Guid(c8ad21561e8ded54abe53e616cb2368f) Importer(815301076,1909f56bfc062723c751e8b465ee728b)  -> (artifact id: 'd56bc741cd7d0df31554df08cabb6a5d') in 0.043642 seconds 
  Import took 0.048810 seconds .

========================================================================
Received Import Request.
  Time since last request: 42.547863 seconds.
  path: Assets/CreativeCore_Shaders/ShaderGraphs/Example_Shimmer.shadergraph
  artifactKey: Guid(22ea675d1e120054a9a5976fcf24d561) Importer(815301076,1909f56bfc062723c751e8b465ee728b)
Start importing Assets/CreativeCore_Shaders/ShaderGraphs/Example_Shimmer.shadergraph using Guid(22ea675d1e120054a9a5976fcf24d561) Importer(815301076,1909f56bfc062723c751e8b465ee728b)  -> (artifact id: 'd39abd629df2f9c2c8919e8c78cf2e6d') in 0.004790 seconds 
  Import took 0.009910 seconds .

========================================================================
Received Import Request.
  Time since last request: 0.000890 seconds.
  path: Assets/CreativeCore_Shaders/ShaderGraphs/Example_Shimmer.shadergraph
  artifactKey: Guid(22ea675d1e120054a9a5976fcf24d561) Importer(815301076,1909f56bfc062723c751e8b465ee728b)
Start importing Assets/CreativeCore_Shaders/ShaderGraphs/Example_Shimmer.shadergraph using Guid(22ea675d1e120054a9a5976fcf24d561) Importer(815301076,1909f56bfc062723c751e8b465ee728b)  -> (artifact id: 'd39abd629df2f9c2c8919e8c78cf2e6d') in 0.004302 seconds 
  Import took 0.008712 seconds .

========================================================================
Received Import Request.
  Time since last request: 51.480834 seconds.
  path: Assets/CreativeCore_Shaders/ShaderGraphs/waterball.shadergraph
  artifactKey: Guid(ba1d0779564f3ed4caddb950e02efc81) Importer(815301076,1909f56bfc062723c751e8b465ee728b)
Start importing Assets/CreativeCore_Shaders/ShaderGraphs/waterball.shadergraph using Guid(ba1d0779564f3ed4caddb950e02efc81) Importer(815301076,1909f56bfc062723c751e8b465ee728b)  -> (artifact id: '30d2459c1ee07727d7446c0b3160a39d') in 0.005043 seconds 
  Import took 0.009620 seconds .

========================================================================
Received Import Request.
  Time since last request: 0.324889 seconds.
  path: Assets/CreativeCore_Shaders/ShaderGraphs/waterball.shadergraph
  artifactKey: Guid(ba1d0779564f3ed4caddb950e02efc81) Importer(815301076,1909f56bfc062723c751e8b465ee728b)
Start importing Assets/CreativeCore_Shaders/ShaderGraphs/waterball.shadergraph using Guid(ba1d0779564f3ed4caddb950e02efc81) Importer(815301076,1909f56bfc062723c751e8b465ee728b)  -> (artifact id: '30d2459c1ee07727d7446c0b3160a39d') in 0.005595 seconds 
  Import took 0.010612 seconds .

========================================================================
Received Import Request.
  Time since last request: 935.440624 seconds.
  path: Assets/CreativeCore_Shaders/ShaderGraphs/waterball.shadergraph
  artifactKey: Guid(ba1d0779564f3ed4caddb950e02efc81) Importer(815301076,1909f56bfc062723c751e8b465ee728b)
Start importing Assets/CreativeCore_Shaders/ShaderGraphs/waterball.shadergraph using Guid(ba1d0779564f3ed4caddb950e02efc81) Importer(815301076,1909f56bfc062723c751e8b465ee728b)  -> (artifact id: 'b2699ae5814b799a982b40f134a11288') in 0.005787 seconds 
  Import took 0.011554 seconds .

========================================================================
Received Prepare
Registering precompiled user dll's ...
Registered in 0.005192 seconds.
Begin MonoManager ReloadAssembly
Native extension for WindowsStandalone target not found
Refreshing native plugins compatible for Editor in 0.74 ms, found 2 plugins.
Preloading 0 native plugins for Editor in 0.00 ms.
Mono: successfully reloaded assembly
- Completed reload, in  0.934 seconds
Platform modules already initialized, skipping
Refreshing native plugins compatible for Editor in 0.70 ms, found 2 plugins.
Preloading 0 native plugins for Editor in 0.00 ms.
Unloading 3112 Unused Serialized files (Serialized files now loaded: 0)
System memory in use before: 137.6 MB.
System memory in use after: 137.9 MB.

Unloading 12 unused Assets to reduce memory usage. Loaded Objects now: 3752.
Total: 3.014300 ms (FindLiveObjects: 0.433900 ms CreateObjectMapping: 0.086500 ms MarkObjects: 2.461900 ms  DeleteObjects: 0.030800 ms)

AssetImportParameters requested are different than current active one (requested -> active):
  custom:framework-win-MediaFoundation: 216162199b28c13a410421893ffa2e32 -> 
  custom:video-decoder-ogg-theora: a1e56fd34408186e4bbccfd4996cb3dc -> 
  custom:container-muxer-webm: aa71ff27fc2769a1b78a27578f13a17b -> 
  custom:container-demuxer-webm: 4f35f7cbe854078d1ac9338744f61a02 -> 
  custom:container-demuxer-ogg: 62fdf1f143b41e24485cea50d1cbac27 -> 
  custom:video-encoder-webm-vp8: eb34c28f22e8b96e1ab97ce403110664 -> 
  custom:video-codec-MediaFoundation-h265: 746d11721c4dcdbdad8f713fa42b33f4 -> 
  custom:video-decoder-webm-vp8: 9c59270c3fd7afecdb556c50c9e8de78 -> 
  custom:audio-decoder-ogg-vorbis: bf7c407c2cedff20999df2af8eb42d56 -> 
  custom:audio-encoder-webm-vorbis: bf7c407c2cedff20999df2af8eb42d56 -> 
========================================================================
Received Prepare
Registering precompiled user dll's ...
Registered in 0.004358 seconds.
Begin MonoManager ReloadAssembly
Native extension for WindowsStandalone target not found
Refreshing native plugins compatible for Editor in 0.68 ms, found 2 plugins.
Preloading 0 native plugins for Editor in 0.00 ms.
Mono: successfully reloaded assembly
- Completed reload, in  0.968 seconds
Platform modules already initialized, skipping
Refreshing native plugins compatible for Editor in 0.73 ms, found 2 plugins.
Preloading 0 native plugins for Editor in 0.00 ms.
Unloading 3112 Unused Serialized files (Serialized files now loaded: 0)
System memory in use before: 137.7 MB.
System memory in use after: 137.9 MB.

Unloading 12 unused Assets to reduce memory usage. Loaded Objects now: 3754.
Total: 3.012800 ms (FindLiveObjects: 0.419400 ms CreateObjectMapping: 0.084100 ms MarkObjects: 2.475800 ms  DeleteObjects: 0.031900 ms)

AssetImportParameters requested are different than current active one (requested -> active):
  custom:framework-win-MediaFoundation: 216162199b28c13a410421893ffa2e32 -> 
  custom:video-decoder-ogg-theora: a1e56fd34408186e4bbccfd4996cb3dc -> 
  custom:container-muxer-webm: aa71ff27fc2769a1b78a27578f13a17b -> 
  custom:container-demuxer-webm: 4f35f7cbe854078d1ac9338744f61a02 -> 
  custom:container-demuxer-ogg: 62fdf1f143b41e24485cea50d1cbac27 -> 
  custom:video-encoder-webm-vp8: eb34c28f22e8b96e1ab97ce403110664 -> 
  custom:video-codec-MediaFoundation-h265: 746d11721c4dcdbdad8f713fa42b33f4 -> 
  custom:video-decoder-webm-vp8: 9c59270c3fd7afecdb556c50c9e8de78 -> 
  custom:audio-decoder-ogg-vorbis: bf7c407c2cedff20999df2af8eb42d56 -> 
  custom:audio-encoder-webm-vorbis: bf7c407c2cedff20999df2af8eb42d56 -> 
========================================================================
Received Prepare
Registering precompiled user dll's ...
Registered in 0.004041 seconds.
Begin MonoManager ReloadAssembly
Native extension for WindowsStandalone target not found
Refreshing native plugins compatible for Editor in 0.90 ms, found 2 plugins.
Preloading 0 native plugins for Editor in 0.00 ms.
Mono: successfully reloaded assembly
- Completed reload, in  0.929 seconds
Platform modules already initialized, skipping
Refreshing native plugins compatible for Editor in 0.68 ms, found 2 plugins.
Preloading 0 native plugins for Editor in 0.00 ms.
Unloading 3112 Unused Serialized files (Serialized files now loaded: 0)
System memory in use before: 137.7 MB.
System memory in use after: 138.0 MB.

Unloading 12 unused Assets to reduce memory usage. Loaded Objects now: 3756.
Total: 2.552200 ms (FindLiveObjects: 0.366400 ms CreateObjectMapping: 0.087000 ms MarkObjects: 2.080000 ms  DeleteObjects: 0.017600 ms)

AssetImportParameters requested are different than current active one (requested -> active):
  custom:framework-win-MediaFoundation: 216162199b28c13a410421893ffa2e32 -> 
  custom:video-decoder-ogg-theora: a1e56fd34408186e4bbccfd4996cb3dc -> 
  custom:container-muxer-webm: aa71ff27fc2769a1b78a27578f13a17b -> 
  custom:container-demuxer-webm: 4f35f7cbe854078d1ac9338744f61a02 -> 
  custom:container-demuxer-ogg: 62fdf1f143b41e24485cea50d1cbac27 -> 
  custom:video-encoder-webm-vp8: eb34c28f22e8b96e1ab97ce403110664 -> 
  custom:video-codec-MediaFoundation-h265: 746d11721c4dcdbdad8f713fa42b33f4 -> 
  custom:video-decoder-webm-vp8: 9c59270c3fd7afecdb556c50c9e8de78 -> 
  custom:audio-decoder-ogg-vorbis: bf7c407c2cedff20999df2af8eb42d56 -> 
  custom:audio-encoder-webm-vorbis: bf7c407c2cedff20999df2af8eb42d56 -> 
========================================================================
Received Prepare
Registering precompiled user dll's ...
Registered in 0.004654 seconds.
Begin MonoManager ReloadAssembly
Native extension for WindowsStandalone target not found
Refreshing native plugins compatible for Editor in 0.71 ms, found 2 plugins.
Preloading 0 native plugins for Editor in 0.00 ms.
Mono: successfully reloaded assembly
- Completed reload, in  0.972 seconds
Platform modules already initialized, skipping
Refreshing native plugins compatible for Editor in 0.73 ms, found 2 plugins.
Preloading 0 native plugins for Editor in 0.00 ms.
Unloading 3112 Unused Serialized files (Serialized files now loaded: 0)
System memory in use before: 137.7 MB.
System memory in use after: 138.0 MB.

Unloading 12 unused Assets to reduce memory usage. Loaded Objects now: 3758.
Total: 3.093300 ms (FindLiveObjects: 0.400400 ms CreateObjectMapping: 0.091300 ms MarkObjects: 2.576000 ms  DeleteObjects: 0.023600 ms)

AssetImportParameters requested are different than current active one (requested -> active):
  custom:framework-win-MediaFoundation: 216162199b28c13a410421893ffa2e32 -> 
  custom:video-decoder-ogg-theora: a1e56fd34408186e4bbccfd4996cb3dc -> 
  custom:container-muxer-webm: aa71ff27fc2769a1b78a27578f13a17b -> 
  custom:container-demuxer-webm: 4f35f7cbe854078d1ac9338744f61a02 -> 
  custom:container-demuxer-ogg: 62fdf1f143b41e24485cea50d1cbac27 -> 
  custom:video-encoder-webm-vp8: eb34c28f22e8b96e1ab97ce403110664 -> 
  custom:video-codec-MediaFoundation-h265: 746d11721c4dcdbdad8f713fa42b33f4 -> 
  custom:video-decoder-webm-vp8: 9c59270c3fd7afecdb556c50c9e8de78 -> 
  custom:audio-decoder-ogg-vorbis: bf7c407c2cedff20999df2af8eb42d56 -> 
  custom:audio-encoder-webm-vorbis: bf7c407c2cedff20999df2af8eb42d56 -> 
========================================================================
Received Import Request.
  Time since last request: 373.291076 seconds.
  path: Assets/CreativeCore_Shaders/Settings/Rendering
  artifactKey: Guid(29f508aeb71b09c4fabee5f4d354dce7) Importer(815301076,1909f56bfc062723c751e8b465ee728b)
Start importing Assets/CreativeCore_Shaders/Settings/Rendering using Guid(29f508aeb71b09c4fabee5f4d354dce7) Importer(815301076,1909f56bfc062723c751e8b465ee728b)  -> (artifact id: 'cc36f7f4907f1c92d49ab93fa172b1fe') in 0.009912 seconds 
  Import took 0.015208 seconds .

========================================================================
Received Import Request.
  Time since last request: 1.052179 seconds.
  path: Assets/CreativeCore_Shaders/Settings/Rendering/ForwardRenderer.asset
  artifactKey: Guid(4a8e21d5c33334b11b34a596161b9360) Importer(815301076,1909f56bfc062723c751e8b465ee728b)
Start importing Assets/CreativeCore_Shaders/Settings/Rendering/ForwardRenderer.asset using Guid(4a8e21d5c33334b11b34a596161b9360) Importer(815301076,1909f56bfc062723c751e8b465ee728b)  -> (artifact id: 'c9f1b91465d2b74b3c58411aa44e1d17') in 0.055603 seconds 
  Import took 0.060703 seconds .

========================================================================
Received Import Request.
  Time since last request: 0.000441 seconds.
  path: Assets/CreativeCore_Shaders/Settings/Rendering/UniversalRP-LowQuality.asset
  artifactKey: Guid(a31e9f9f9c9d4b9429ed0d1234e22103) Importer(815301076,1909f56bfc062723c751e8b465ee728b)
Start importing Assets/CreativeCore_Shaders/Settings/Rendering/UniversalRP-LowQuality.asset using Guid(a31e9f9f9c9d4b9429ed0d1234e22103) Importer(815301076,1909f56bfc062723c751e8b465ee728b)  -> (artifact id: '988b6d449c1cbe3ab967cd9f6256472f') in 0.005797 seconds 
  Import took 0.010109 seconds .

========================================================================
Received Import Request.
  Time since last request: 0.000458 seconds.
  path: Assets/CreativeCore_Shaders/Settings/Rendering/UniversalRP-MediumQuality.asset
  artifactKey: Guid(d847b876476d3d6468f5dfcd34266f96) Importer(815301076,1909f56bfc062723c751e8b465ee728b)
Start importing Assets/CreativeCore_Shaders/Settings/Rendering/UniversalRP-MediumQuality.asset using Guid(d847b876476d3d6468f5dfcd34266f96) Importer(815301076,1909f56bfc062723c751e8b465ee728b)  -> (artifact id: 'b0b4f471e4ff0c6e82b479f3b1e9bcd2') in 0.005878 seconds 
  Import took 0.010778 seconds .

========================================================================
Received Import Request.
  Time since last request: 0.000417 seconds.
  path: Assets/CreativeCore_Shaders/Settings/Rendering/UniversalRP-HighQuality.asset
  artifactKey: Guid(19ba41d7c0026c3459d37c2fe90c55a0) Importer(815301076,1909f56bfc062723c751e8b465ee728b)
Start importing Assets/CreativeCore_Shaders/Settings/Rendering/UniversalRP-HighQuality.asset using Guid(19ba41d7c0026c3459d37c2fe90c55a0) Importer(815301076,1909f56bfc062723c751e8b465ee728b)  -> (artifact id: 'e7a8311068d767b4c621a3a360721dfb') in 0.005875 seconds 
  Import took 0.011329 seconds .

========================================================================
Received Import Request.
  Time since last request: 0.000377 seconds.
  path: Assets/CreativeCore_Shaders/Settings/Rendering/UniversalRP-MediumQuality.asset
  artifactKey: Guid(d847b876476d3d6468f5dfcd34266f96) Importer(815301076,1909f56bfc062723c751e8b465ee728b)
Start importing Assets/CreativeCore_Shaders/Settings/Rendering/UniversalRP-MediumQuality.asset using Guid(d847b876476d3d6468f5dfcd34266f96) Importer(815301076,1909f56bfc062723c751e8b465ee728b)  -> (artifact id: 'b0b4f471e4ff0c6e82b479f3b1e9bcd2') in 0.005545 seconds 
  Import took 0.009371 seconds .

========================================================================
Received Prepare
Registering precompiled user dll's ...
Registered in 0.004256 seconds.
Begin MonoManager ReloadAssembly
Native extension for WindowsStandalone target not found
Refreshing native plugins compatible for Editor in 0.82 ms, found 2 plugins.
Preloading 0 native plugins for Editor in 0.00 ms.
Mono: successfully reloaded assembly
- Completed reload, in  0.903 seconds
Platform modules already initialized, skipping
Refreshing native plugins compatible for Editor in 0.76 ms, found 2 plugins.
Preloading 0 native plugins for Editor in 0.00 ms.
Unloading 3114 Unused Serialized files (Serialized files now loaded: 0)
System memory in use before: 137.8 MB.
System memory in use after: 138.0 MB.

Unloading 12 unused Assets to reduce memory usage. Loaded Objects now: 3762.
Total: 3.607600 ms (FindLiveObjects: 0.430700 ms CreateObjectMapping: 0.083700 ms MarkObjects: 3.067900 ms  DeleteObjects: 0.022700 ms)

AssetImportParameters requested are different than current active one (requested -> active):
  custom:framework-win-MediaFoundation: 216162199b28c13a410421893ffa2e32 -> 
  custom:video-decoder-ogg-theora: a1e56fd34408186e4bbccfd4996cb3dc -> 
  custom:container-muxer-webm: aa71ff27fc2769a1b78a27578f13a17b -> 
  custom:container-demuxer-webm: 4f35f7cbe854078d1ac9338744f61a02 -> 
  custom:container-demuxer-ogg: 62fdf1f143b41e24485cea50d1cbac27 -> 
  custom:video-encoder-webm-vp8: eb34c28f22e8b96e1ab97ce403110664 -> 
  custom:video-codec-MediaFoundation-h265: 746d11721c4dcdbdad8f713fa42b33f4 -> 
  custom:video-decoder-webm-vp8: 9c59270c3fd7afecdb556c50c9e8de78 -> 
  custom:audio-decoder-ogg-vorbis: bf7c407c2cedff20999df2af8eb42d56 -> 
  custom:audio-encoder-webm-vorbis: bf7c407c2cedff20999df2af8eb42d56 -> 
========================================================================
Received Prepare
Registering precompiled user dll's ...
Registered in 0.003938 seconds.
Begin MonoManager ReloadAssembly
Native extension for WindowsStandalone target not found
Refreshing native plugins compatible for Editor in 0.67 ms, found 2 plugins.
Preloading 0 native plugins for Editor in 0.00 ms.
Mono: successfully reloaded assembly
- Completed reload, in  0.885 seconds
Platform modules already initialized, skipping
Refreshing native plugins compatible for Editor in 0.67 ms, found 2 plugins.
Preloading 0 native plugins for Editor in 0.00 ms.
Unloading 3112 Unused Serialized files (Serialized files now loaded: 0)
System memory in use before: 137.8 MB.
System memory in use after: 138.0 MB.

Unloading 12 unused Assets to reduce memory usage. Loaded Objects now: 3764.
Total: 2.536800 ms (FindLiveObjects: 0.314800 ms CreateObjectMapping: 0.082900 ms MarkObjects: 2.118900 ms  DeleteObjects: 0.018900 ms)

AssetImportParameters requested are different than current active one (requested -> active):
  custom:framework-win-MediaFoundation: 216162199b28c13a410421893ffa2e32 -> 
  custom:video-decoder-ogg-theora: a1e56fd34408186e4bbccfd4996cb3dc -> 
  custom:container-muxer-webm: aa71ff27fc2769a1b78a27578f13a17b -> 
  custom:container-demuxer-webm: 4f35f7cbe854078d1ac9338744f61a02 -> 
  custom:container-demuxer-ogg: 62fdf1f143b41e24485cea50d1cbac27 -> 
  custom:video-encoder-webm-vp8: eb34c28f22e8b96e1ab97ce403110664 -> 
  custom:video-codec-MediaFoundation-h265: 746d11721c4dcdbdad8f713fa42b33f4 -> 
  custom:video-decoder-webm-vp8: 9c59270c3fd7afecdb556c50c9e8de78 -> 
  custom:audio-decoder-ogg-vorbis: bf7c407c2cedff20999df2af8eb42d56 -> 
  custom:audio-encoder-webm-vorbis: bf7c407c2cedff20999df2af8eb42d56 -> 
========================================================================
Received Import Request.
  Time since last request: 854.343980 seconds.
  path: Assets/CreativeCore_Shaders/ShaderGraphs/waterball.shadergraph
  artifactKey: Guid(ba1d0779564f3ed4caddb950e02efc81) Importer(815301076,1909f56bfc062723c751e8b465ee728b)
Start importing Assets/CreativeCore_Shaders/ShaderGraphs/waterball.shadergraph using Guid(ba1d0779564f3ed4caddb950e02efc81) Importer(815301076,1909f56bfc062723c751e8b465ee728b)  -> (artifact id: '871b6ceea216bd30ce835f4ac9b2fe34') in 0.041507 seconds 
  Import took 0.047063 seconds .

========================================================================
Received Prepare
Registering precompiled user dll's ...
Registered in 0.004313 seconds.
Begin MonoManager ReloadAssembly
Native extension for WindowsStandalone target not found
Refreshing native plugins compatible for Editor in 0.67 ms, found 2 plugins.
Preloading 0 native plugins for Editor in 0.00 ms.
Mono: successfully reloaded assembly
- Completed reload, in  0.866 seconds
Platform modules already initialized, skipping
Refreshing native plugins compatible for Editor in 0.70 ms, found 2 plugins.
Preloading 0 native plugins for Editor in 0.00 ms.
Unloading 3112 Unused Serialized files (Serialized files now loaded: 0)
System memory in use before: 137.8 MB.
System memory in use after: 138.0 MB.

Unloading 12 unused Assets to reduce memory usage. Loaded Objects now: 3766.
Total: 2.857300 ms (FindLiveObjects: 0.339900 ms CreateObjectMapping: 0.084300 ms MarkObjects: 2.414400 ms  DeleteObjects: 0.017000 ms)

AssetImportParameters requested are different than current active one (requested -> active):
  custom:framework-win-MediaFoundation: 216162199b28c13a410421893ffa2e32 -> 
  custom:video-decoder-ogg-theora: a1e56fd34408186e4bbccfd4996cb3dc -> 
  custom:container-muxer-webm: aa71ff27fc2769a1b78a27578f13a17b -> 
  custom:container-demuxer-webm: 4f35f7cbe854078d1ac9338744f61a02 -> 
  custom:container-demuxer-ogg: 62fdf1f143b41e24485cea50d1cbac27 -> 
  custom:video-encoder-webm-vp8: eb34c28f22e8b96e1ab97ce403110664 -> 
  custom:video-codec-MediaFoundation-h265: 746d11721c4dcdbdad8f713fa42b33f4 -> 
  custom:video-decoder-webm-vp8: 9c59270c3fd7afecdb556c50c9e8de78 -> 
  custom:audio-decoder-ogg-vorbis: bf7c407c2cedff20999df2af8eb42d56 -> 
  custom:audio-encoder-webm-vorbis: bf7c407c2cedff20999df2af8eb42d56 -> 
========================================================================
Received Import Request.
  Time since last request: 528.720322 seconds.
  path: Assets/CreativeCore_Shaders/Textures/IKT4l.jpg
  artifactKey: Guid(fa6b612ba37af1946ad1863b3de5fd30) Importer(815301076,1909f56bfc062723c751e8b465ee728b)
Start importing Assets/CreativeCore_Shaders/Textures/IKT4l.jpg using Guid(fa6b612ba37af1946ad1863b3de5fd30) Importer(815301076,1909f56bfc062723c751e8b465ee728b)  -> (artifact id: 'c0611cd9d352332c71e8ddf7049f78d3') in 0.042836 seconds 
  Import took 0.047651 seconds .

========================================================================
Received Import Request.
  Time since last request: 337.020061 seconds.
  path: Assets/CreativeCore_Shaders/Textures/Characters/Ellen/Ellen_Body_MetallicSmooth.tif
  artifactKey: Guid(d6dbc9ef89fd5b94d889616bfa730aec) Importer(815301076,1909f56bfc062723c751e8b465ee728b)
Start importing Assets/CreativeCore_Shaders/Textures/Characters/Ellen/Ellen_Body_MetallicSmooth.tif using Guid(d6dbc9ef89fd5b94d889616bfa730aec) Importer(815301076,1909f56bfc062723c751e8b465ee728b)  -> (artifact id: 'e5c25a0c18ee9d68c869587dd05588fa') in 0.016514 seconds 
  Import took 0.022055 seconds .

========================================================================
Received Import Request.
  Time since last request: 0.421836 seconds.
  path: Assets/CreativeCore_Shaders/Textures/Characters/Ellen/Ellen_Body_Normal.tif
  artifactKey: Guid(8349958633769e34bb7496659a03983d) Importer(815301076,1909f56bfc062723c751e8b465ee728b)
Start importing Assets/CreativeCore_Shaders/Textures/Characters/Ellen/Ellen_Body_Normal.tif using Guid(8349958633769e34bb7496659a03983d) Importer(815301076,1909f56bfc062723c751e8b465ee728b)  -> (artifact id: 'ad62f9b493bf5e897b52016efe1c9db6') in 0.017725 seconds 
  Import took 0.023464 seconds .

========================================================================
Received Import Request.
  Time since last request: 0.000374 seconds.
  path: Assets/CreativeCore_Shaders/Textures/Characters/Ellen/Ellen_Body_Normal_Colour.tif
  artifactKey: Guid(0c8eb5e9a6ca5d844be08cd19e143cdd) Importer(815301076,1909f56bfc062723c751e8b465ee728b)
Start importing Assets/CreativeCore_Shaders/Textures/Characters/Ellen/Ellen_Body_Normal_Colour.tif using Guid(0c8eb5e9a6ca5d844be08cd19e143cdd) Importer(815301076,1909f56bfc062723c751e8b465ee728b)  -> (artifact id: '580d746203d485021fbf504e1c46ff29') in 0.013521 seconds 
  Import took 0.018466 seconds .

========================================================================
Received Import Request.
  Time since last request: 0.031967 seconds.
  path: Assets/CreativeCore_Shaders/Textures/Characters/Ellen/Ellen_Body_Occlusion.tif
  artifactKey: Guid(79e9a3fba6241f640b332875f39c332f) Importer(815301076,1909f56bfc062723c751e8b465ee728b)
Start importing Assets/CreativeCore_Shaders/Textures/Characters/Ellen/Ellen_Body_Occlusion.tif using Guid(79e9a3fba6241f640b332875f39c332f) Importer(815301076,1909f56bfc062723c751e8b465ee728b)  -> (artifact id: '2fbbd10898b4191aa6daaaa888406ee9') in 0.011459 seconds 
  Import took 0.016330 seconds .

========================================================================
Received Import Request.
  Time since last request: 0.000346 seconds.
  path: Assets/CreativeCore_Shaders/Textures/Characters/Ellen/Ellen_Eye_Albedo.tif
  artifactKey: Guid(aa185cea8422ad24fa12ce1f3645e5a9) Importer(815301076,1909f56bfc062723c751e8b465ee728b)
Start importing Assets/CreativeCore_Shaders/Textures/Characters/Ellen/Ellen_Eye_Albedo.tif using Guid(aa185cea8422ad24fa12ce1f3645e5a9) Importer(815301076,1909f56bfc062723c751e8b465ee728b)  -> (artifact id: '40858d29dc74be4a2dec46ab287014d2') in 0.012117 seconds 
  Import took 0.016534 seconds .

========================================================================
Received Import Request.
  Time since last request: 0.023912 seconds.
  path: Assets/CreativeCore_Shaders/Textures/Characters/Ellen/Ellen_Eye_Normal.tif
  artifactKey: Guid(fe180c6592e9a444889916ff0549198b) Importer(815301076,1909f56bfc062723c751e8b465ee728b)
Start importing Assets/CreativeCore_Shaders/Textures/Characters/Ellen/Ellen_Eye_Normal.tif using Guid(fe180c6592e9a444889916ff0549198b) Importer(815301076,1909f56bfc062723c751e8b465ee728b)  -> (artifact id: '55511e504fb26ba08ca2e2ea055d6c4f') in 0.010070 seconds 
  Import took 0.015052 seconds .

========================================================================
Received Import Request.
  Time since last request: 0.000339 seconds.
  path: Assets/CreativeCore_Shaders/Textures/Characters/Ellen/Ellen_Hair_Albedo.tif
  artifactKey: Guid(c972f3c75ef7ab94694a309009dd016f) Importer(815301076,1909f56bfc062723c751e8b465ee728b)
Start importing Assets/CreativeCore_Shaders/Textures/Characters/Ellen/Ellen_Hair_Albedo.tif using Guid(c972f3c75ef7ab94694a309009dd016f) Importer(815301076,1909f56bfc062723c751e8b465ee728b)  -> (artifact id: '12917773ec310a50f61db9b0ebae0d85') in 0.011632 seconds 
  Import took 0.016480 seconds .

========================================================================
Received Import Request.
  Time since last request: 0.306928 seconds.
  path: Assets/CreativeCore_Shaders/Textures/Characters/Ellen/Ellen_Hair_MetallicSmooth.tif
  artifactKey: Guid(c3f4a5d645c2b5c4390c8892609a8093) Importer(815301076,1909f56bfc062723c751e8b465ee728b)
Start importing Assets/CreativeCore_Shaders/Textures/Characters/Ellen/Ellen_Hair_MetallicSmooth.tif using Guid(c3f4a5d645c2b5c4390c8892609a8093) Importer(815301076,1909f56bfc062723c751e8b465ee728b)  -> (artifact id: '6d6fd3a59440c5d862ae1c0c83e93819') in 0.016523 seconds 
  Import took 0.021546 seconds .

========================================================================
Received Import Request.
  Time since last request: 0.002260 seconds.
  path: Assets/CreativeCore_Shaders/Textures/Characters/Ellen/Ellen_Hair_MetallicSmooth.tif
  artifactKey: Guid(c3f4a5d645c2b5c4390c8892609a8093) Importer(815301076,1909f56bfc062723c751e8b465ee728b)
Start importing Assets/CreativeCore_Shaders/Textures/Characters/Ellen/Ellen_Hair_MetallicSmooth.tif using Guid(c3f4a5d645c2b5c4390c8892609a8093) Importer(815301076,1909f56bfc062723c751e8b465ee728b)  -> (artifact id: '6d6fd3a59440c5d862ae1c0c83e93819') in 0.008491 seconds 
  Import took 0.013804 seconds .

========================================================================
Received Import Request.
  Time since last request: 0.000322 seconds.
  path: Assets/CreativeCore_Shaders/Textures/Characters/Ellen/Ellen_Head_Albedo.tif
  artifactKey: Guid(d45aa4ef71b87594fa37437494b49260) Importer(815301076,1909f56bfc062723c751e8b465ee728b)
Start importing Assets/CreativeCore_Shaders/Textures/Characters/Ellen/Ellen_Head_Albedo.tif using Guid(d45aa4ef71b87594fa37437494b49260) Importer(815301076,1909f56bfc062723c751e8b465ee728b)  -> (artifact id: '5ffa40e6b1d817fddd82cf91d5eeacff') in 0.012673 seconds 
  Import took 0.017560 seconds .

========================================================================
Received Import Request.
  Time since last request: 0.000335 seconds.
  path: Assets/CreativeCore_Shaders/Textures/Characters/Ellen/Ellen_Hair_Normal.tif
  artifactKey: Guid(ec36099c19fc1be498af12965e4dbd05) Importer(815301076,1909f56bfc062723c751e8b465ee728b)
Start importing Assets/CreativeCore_Shaders/Textures/Characters/Ellen/Ellen_Hair_Normal.tif using Guid(ec36099c19fc1be498af12965e4dbd05) Importer(815301076,1909f56bfc062723c751e8b465ee728b)  -> (artifact id: '16cd5614442e1a09319e82cd0ab52998') in 0.011572 seconds 
  Import took 0.015664 seconds .

========================================================================
Received Import Request.
  Time since last request: 0.586319 seconds.
  path: Assets/CreativeCore_Shaders/Textures/Characters/Ellen/Ellen_Head_Microdetail.tif
  artifactKey: Guid(eb1b3af505a9c4c1c81b05081339e090) Importer(815301076,1909f56bfc062723c751e8b465ee728b)
Start importing Assets/CreativeCore_Shaders/Textures/Characters/Ellen/Ellen_Head_Microdetail.tif using Guid(eb1b3af505a9c4c1c81b05081339e090) Importer(815301076,1909f56bfc062723c751e8b465ee728b)  -> (artifact id: 'f84567f1ff3390d8d81eec1dede8d401') in 0.011335 seconds 
  Import took 0.016131 seconds .

========================================================================
Received Import Request.
  Time since last request: 0.000390 seconds.
  path: Assets/CreativeCore_Shaders/Textures/Characters/Ellen/Ellen_Head_Normal.tif
  artifactKey: Guid(55d979bd379deb945970769a993a4afb) Importer(815301076,1909f56bfc062723c751e8b465ee728b)
Start importing Assets/CreativeCore_Shaders/Textures/Characters/Ellen/Ellen_Head_Normal.tif using Guid(55d979bd379deb945970769a993a4afb) Importer(815301076,1909f56bfc062723c751e8b465ee728b)  -> (artifact id: 'd603fd969c9c04f7a9f99456dae1d07b') in 0.012305 seconds 
  Import took 0.016459 seconds .

========================================================================
Received Import Request.
  Time since last request: 0.000313 seconds.
  path: Assets/CreativeCore_Shaders/Textures/Characters/Ellen/Ellen_Head_Microdetail.tif
  artifactKey: Guid(eb1b3af505a9c4c1c81b05081339e090) Importer(815301076,1909f56bfc062723c751e8b465ee728b)
Start importing Assets/CreativeCore_Shaders/Textures/Characters/Ellen/Ellen_Head_Microdetail.tif using Guid(eb1b3af505a9c4c1c81b05081339e090) Importer(815301076,1909f56bfc062723c751e8b465ee728b)  -> (artifact id: 'f84567f1ff3390d8d81eec1dede8d401') in 0.010138 seconds 
  Import took 0.014283 seconds .

========================================================================
Received Import Request.
  Time since last request: 0.000307 seconds.
  path: Assets/CreativeCore_Shaders/Textures/Characters/Ellen/Ellen_Head_Normal.tif
  artifactKey: Guid(55d979bd379deb945970769a993a4afb) Importer(815301076,1909f56bfc062723c751e8b465ee728b)
Start importing Assets/CreativeCore_Shaders/Textures/Characters/Ellen/Ellen_Head_Normal.tif using Guid(55d979bd379deb945970769a993a4afb) Importer(815301076,1909f56bfc062723c751e8b465ee728b)  -> (artifact id: 'd603fd969c9c04f7a9f99456dae1d07b') in 0.011638 seconds 
  Import took 0.016685 seconds .

========================================================================
Received Import Request.
  Time since last request: 1.856411 seconds.
  path: Assets/CreativeCore_Shaders/Textures/Mug/Mug_Albedo.png
  artifactKey: Guid(e8b3d3b39fa57954785272ca198aac7f) Importer(815301076,1909f56bfc062723c751e8b465ee728b)
Start importing Assets/CreativeCore_Shaders/Textures/Mug/Mug_Albedo.png using Guid(e8b3d3b39fa57954785272ca198aac7f) Importer(815301076,1909f56bfc062723c751e8b465ee728b)  -> (artifact id: '93dfc7b16f4bc85c5cb9a0cb5f9251dc') in 0.018514 seconds 
  Import took 0.023426 seconds .

========================================================================
Received Import Request.
  Time since last request: 0.000382 seconds.
  path: Assets/CreativeCore_Shaders/Textures/Mug/Mug_Normal.png
  artifactKey: Guid(87c6644554c2b6b489095dc9cbf9d696) Importer(815301076,1909f56bfc062723c751e8b465ee728b)
Start importing Assets/CreativeCore_Shaders/Textures/Mug/Mug_Normal.png using Guid(87c6644554c2b6b489095dc9cbf9d696) Importer(815301076,1909f56bfc062723c751e8b465ee728b)  -> (artifact id: 'a2720b62a9a62184a8bdb151bc336f08') in 0.010225 seconds 
  Import took 0.015133 seconds .

========================================================================
Received Import Request.
  Time since last request: 0.000368 seconds.
  path: Assets/CreativeCore_Shaders/Textures/Mug/Mug_AmbientOcclusion.png
  artifactKey: Guid(3215ffcde57a8884dab243874c2aef3c) Importer(815301076,1909f56bfc062723c751e8b465ee728b)
Start importing Assets/CreativeCore_Shaders/Textures/Mug/Mug_AmbientOcclusion.png using Guid(3215ffcde57a8884dab243874c2aef3c) Importer(815301076,1909f56bfc062723c751e8b465ee728b)  -> (artifact id: '5911bf479373bedf578fc40c6292d90d') in 0.010729 seconds 
  Import took 0.014784 seconds .

========================================================================
Received Import Request.
  Time since last request: 0.000372 seconds.
  path: Assets/CreativeCore_Shaders/Textures/Mug/Mug_MetallicSmoothness.png
  artifactKey: Guid(5dcd07f906adfd2479a94e830ab066c6) Importer(815301076,1909f56bfc062723c751e8b465ee728b)
Start importing Assets/CreativeCore_Shaders/Textures/Mug/Mug_MetallicSmoothness.png using Guid(5dcd07f906adfd2479a94e830ab066c6) Importer(815301076,1909f56bfc062723c751e8b465ee728b)  -> (artifact id: '194543bc6c76c2e2fcbde8fa7a3860d7') in 0.008744 seconds 
  Import took 0.012564 seconds .

========================================================================
Received Import Request.
  Time since last request: 314.356852 seconds.
  path: Packages/com.unity.render-pipelines.core/Runtime/Debugging/Prefabs/Widgets/DebugUI BitField.prefab
  artifactKey: Guid(7c78b588b2e1f7c4a86ca4a985cf6e4a) Importer(815301076,1909f56bfc062723c751e8b465ee728b)
Start importing Packages/com.unity.render-pipelines.core/Runtime/Debugging/Prefabs/Widgets/DebugUI BitField.prefab using Guid(7c78b588b2e1f7c4a86ca4a985cf6e4a) Importer(815301076,1909f56bfc062723c751e8b465ee728b)  -> (artifact id: 'e8c9964e2e6b483e4a2a4e6cfe157463') in 0.045896 seconds 
  Import took 0.052261 seconds .

========================================================================
Received Import Request.
  Time since last request: 0.000346 seconds.
  path: Packages/com.unity.render-pipelines.core/Runtime/Debugging/Prefabs/Widgets/DebugUI EnumHistory.prefab
  artifactKey: Guid(b2da6b27df236b144b3516ed8e7d36ac) Importer(815301076,1909f56bfc062723c751e8b465ee728b)
Start importing Packages/com.unity.render-pipelines.core/Runtime/Debugging/Prefabs/Widgets/DebugUI EnumHistory.prefab using Guid(b2da6b27df236b144b3516ed8e7d36ac) Importer(815301076,1909f56bfc062723c751e8b465ee728b)  -> (artifact id: '2d5613f2d955501571138d42d26582d3') in 0.007600 seconds 
  Import took 0.011938 seconds .

========================================================================
Received Import Request.
  Time since last request: 0.000476 seconds.
  path: Packages/com.unity.render-pipelines.core/Runtime/Debugging/Prefabs/Widgets/DebugUI Group.prefab
  artifactKey: Guid(38a07789c9e87004dad98c2909f58369) Importer(815301076,1909f56bfc062723c751e8b465ee728b)
Start importing Packages/com.unity.render-pipelines.core/Runtime/Debugging/Prefabs/Widgets/DebugUI Group.prefab using Guid(38a07789c9e87004dad98c2909f58369) Importer(815301076,1909f56bfc062723c751e8b465ee728b)  -> (artifact id: '0006d61bf926f6597a1868252679b5a2') in 0.007883 seconds 
  Import took 0.012185 seconds .

========================================================================
Received Import Request.
  Time since last request: 0.000434 seconds.
  path: Packages/com.unity.render-pipelines.core/Runtime/Debugging/Prefabs/Resources/DebugUI Persistent Canvas.prefab
  artifactKey: Guid(f6b1a0fe75d5009449cf55ae76220e2b) Importer(815301076,1909f56bfc062723c751e8b465ee728b)
Start importing Packages/com.unity.render-pipelines.core/Runtime/Debugging/Prefabs/Resources/DebugUI Persistent Canvas.prefab using Guid(f6b1a0fe75d5009449cf55ae76220e2b) Importer(815301076,1909f56bfc062723c751e8b465ee728b)  -> (artifact id: '8cdd0f2f89782ec6d7bd959883f2fef2') in 0.010310 seconds 
  Import took 0.015033 seconds .

========================================================================
Received Import Request.
  Time since last request: 0.000403 seconds.
  path: Packages/com.unity.render-pipelines.core/Runtime/Debugging/Prefabs/Widgets/DebugUI Vector3.prefab
  artifactKey: Guid(94afea5f242d72547979595ba963f335) Importer(815301076,1909f56bfc062723c751e8b465ee728b)
Start importing Packages/com.unity.render-pipelines.core/Runtime/Debugging/Prefabs/Widgets/DebugUI Vector3.prefab using Guid(94afea5f242d72547979595ba963f335) Importer(815301076,1909f56bfc062723c751e8b465ee728b)  -> (artifact id: 'c709cb47a1f16971d093e238d2d95afb') in 0.009318 seconds 
  Import took 0.013925 seconds .

========================================================================
Received Import Request.
  Time since last request: 0.000459 seconds.
  path: Packages/com.unity.render-pipelines.core/Runtime/Debugging/Prefabs/Widgets/DebugUI Row.prefab
  artifactKey: Guid(2d019437ff89b8d44949727731cd9357) Importer(815301076,1909f56bfc062723c751e8b465ee728b)
Start importing Packages/com.unity.render-pipelines.core/Runtime/Debugging/Prefabs/Widgets/DebugUI Row.prefab using Guid(2d019437ff89b8d44949727731cd9357) Importer(815301076,1909f56bfc062723c751e8b465ee728b)  -> (artifact id: '59f83823757fd1976af051911b6e37bb') in 0.008236 seconds 
  Import took 0.012868 seconds .

========================================================================
Received Import Request.
  Time since last request: 0.000341 seconds.
  path: Packages/com.unity.render-pipelines.core/Runtime/Debugging/Prefabs/Widgets/DebugUI ToggleHistory.prefab
  artifactKey: Guid(5088d0220f0c4df439cf06c5c270eacb) Importer(815301076,1909f56bfc062723c751e8b465ee728b)
Start importing Packages/com.unity.render-pipelines.core/Runtime/Debugging/Prefabs/Widgets/DebugUI ToggleHistory.prefab using Guid(5088d0220f0c4df439cf06c5c270eacb) Importer(815301076,1909f56bfc062723c751e8b465ee728b)  -> (artifact id: 'd5b914ab85c728a1fd27c6290dc2e6d7') in 0.008421 seconds 
  Import took 0.013318 seconds .

========================================================================
Received Import Request.
  Time since last request: 0.000311 seconds.
  path: Packages/com.unity.render-pipelines.core/Runtime/Debugging/Prefabs/Widgets/DebugUI HBox.prefab
  artifactKey: Guid(f7f5e36797cf0c1408561665c67b179b) Importer(815301076,1909f56bfc062723c751e8b465ee728b)
Start importing Packages/com.unity.render-pipelines.core/Runtime/Debugging/Prefabs/Widgets/DebugUI HBox.prefab using Guid(f7f5e36797cf0c1408561665c67b179b) Importer(815301076,1909f56bfc062723c751e8b465ee728b)  -> (artifact id: '0e56c5422f8e6e3817cc1707c6021b50') in 0.007561 seconds 
  Import took 0.012517 seconds .

========================================================================
Received Import Request.
  Time since last request: 0.000491 seconds.
  path: Packages/com.unity.render-pipelines.core/Runtime/Debugging/Prefabs/Widgets/DebugUI Foldout.prefab
  artifactKey: Guid(1c87ab2ce8b8b304d98fbe9a734b1f74) Importer(815301076,1909f56bfc062723c751e8b465ee728b)
Start importing Packages/com.unity.render-pipelines.core/Runtime/Debugging/Prefabs/Widgets/DebugUI Foldout.prefab using Guid(1c87ab2ce8b8b304d98fbe9a734b1f74) Importer(815301076,1909f56bfc062723c751e8b465ee728b)  -> (artifact id: '4644fb63f1fc3ab90ce6036c0a9f5ed4') in 0.008090 seconds 
  Import took 0.012307 seconds .

========================================================================
Received Import Request.
  Time since last request: 0.000509 seconds.
  path: Packages/com.unity.render-pipelines.core/Runtime/Debugging/Prefabs/Widgets/DebugUI Panel.prefab
  artifactKey: Guid(daa46a58178a6ad41ae1ddc2dc7f856d) Importer(815301076,1909f56bfc062723c751e8b465ee728b)
Start importing Packages/com.unity.render-pipelines.core/Runtime/Debugging/Prefabs/Widgets/DebugUI Panel.prefab using Guid(daa46a58178a6ad41ae1ddc2dc7f856d) Importer(815301076,1909f56bfc062723c751e8b465ee728b)  -> (artifact id: 'bd2a59c00f837f2a0a8d5846e585cdcc') in 0.014252 seconds 
  Import took 0.019152 seconds .

========================================================================
Received Import Request.
  Time since last request: 0.000324 seconds.
  path: Packages/com.unity.render-pipelines.core/Runtime/Debugging/Prefabs/Widgets/DebugUI UIntField.prefab
  artifactKey: Guid(f22bcc84a5f4a1944b075a2c4ac71493) Importer(815301076,1909f56bfc062723c751e8b465ee728b)
Start importing Packages/com.unity.render-pipelines.core/Runtime/Debugging/Prefabs/Widgets/DebugUI UIntField.prefab using Guid(f22bcc84a5f4a1944b075a2c4ac71493) Importer(815301076,1909f56bfc062723c751e8b465ee728b)  -> (artifact id: 'c09d0aaac2582f9c467fe618535b302e') in 0.006737 seconds 
  Import took 0.011760 seconds .

========================================================================
Received Import Request.
  Time since last request: 0.000304 seconds.
  path: Packages/com.unity.render-pipelines.core/Runtime/Debugging/Prefabs/Widgets/DebugUI Color.prefab
  artifactKey: Guid(77c185820dd1a464eac89cae3abccddf) Importer(815301076,1909f56bfc062723c751e8b465ee728b)
Start importing Packages/com.unity.render-pipelines.core/Runtime/Debugging/Prefabs/Widgets/DebugUI Color.prefab using Guid(77c185820dd1a464eac89cae3abccddf) Importer(815301076,1909f56bfc062723c751e8b465ee728b)  -> (artifact id: 'fb207c1e057ac0b627618cff0f803480') in 0.008683 seconds 
  Import took 0.013463 seconds .

========================================================================
Received Import Request.
  Time since last request: 0.000369 seconds.
  path: Packages/com.unity.render-pipelines.core/Runtime/Debugging/Prefabs/Widgets/DebugUI Value.prefab
  artifactKey: Guid(dc0f88987826e6e48b1fe9c7c2b53a53) Importer(815301076,1909f56bfc062723c751e8b465ee728b)
Start importing Packages/com.unity.render-pipelines.core/Runtime/Debugging/Prefabs/Widgets/DebugUI Value.prefab using Guid(dc0f88987826e6e48b1fe9c7c2b53a53) Importer(815301076,1909f56bfc062723c751e8b465ee728b)  -> (artifact id: '57a1d48c618a081eccfc38db4443877d') in 0.006423 seconds 
  Import took 0.010120 seconds .

========================================================================
Received Import Request.
  Time since last request: 0.000366 seconds.
  path: Packages/com.unity.render-pipelines.core/Runtime/Debugging/Prefabs/Widgets/DebugUI Button.prefab
  artifactKey: Guid(f6ce33b91f6ffe54cadacbf4bb112440) Importer(815301076,1909f56bfc062723c751e8b465ee728b)
Start importing Packages/com.unity.render-pipelines.core/Runtime/Debugging/Prefabs/Widgets/DebugUI Button.prefab using Guid(f6ce33b91f6ffe54cadacbf4bb112440) Importer(815301076,1909f56bfc062723c751e8b465ee728b)  -> (artifact id: '979d2e7a776c8db67ce0cd17fab16806') in 0.011273 seconds 
  Import took 0.015679 seconds .

========================================================================
Received Import Request.
  Time since last request: 0.000400 seconds.
  path: Packages/com.unity.render-pipelines.core/Runtime/Debugging/Prefabs/Widgets/DebugUI IntField.prefab
  artifactKey: Guid(ae00bb75e0cd5b04b8fe7fb4ab662629) Importer(815301076,1909f56bfc062723c751e8b465ee728b)
Start importing Packages/com.unity.render-pipelines.core/Runtime/Debugging/Prefabs/Widgets/DebugUI IntField.prefab using Guid(ae00bb75e0cd5b04b8fe7fb4ab662629) Importer(815301076,1909f56bfc062723c751e8b465ee728b)  -> (artifact id: '9cc332bba31c8ae4924e3a9ee00cbf03') in 0.007288 seconds 
  Import took 0.011770 seconds .

========================================================================
Received Import Request.
  Time since last request: 0.000394 seconds.
  path: Packages/com.unity.render-pipelines.core/Runtime/Debugging/Prefabs/Widgets/DebugUI Vector4.prefab
  artifactKey: Guid(d47f009476100f545971a81ede14c750) Importer(815301076,1909f56bfc062723c751e8b465ee728b)
Start importing Packages/com.unity.render-pipelines.core/Runtime/Debugging/Prefabs/Widgets/DebugUI Vector4.prefab using Guid(d47f009476100f545971a81ede14c750) Importer(815301076,1909f56bfc062723c751e8b465ee728b)  -> (artifact id: '4e57c22c4c088b32c1a96899fb4d6971') in 0.008968 seconds 
  Import took 0.013626 seconds .

========================================================================
Received Import Request.
  Time since last request: 0.000377 seconds.
  path: Packages/com.unity.render-pipelines.core/Runtime/Debugging/Prefabs/Widgets/DebugUI EnumField.prefab
  artifactKey: Guid(988db55689193434fb0b3b89538f978f) Importer(815301076,1909f56bfc062723c751e8b465ee728b)
Start importing Packages/com.unity.render-pipelines.core/Runtime/Debugging/Prefabs/Widgets/DebugUI EnumField.prefab using Guid(988db55689193434fb0b3b89538f978f) Importer(815301076,1909f56bfc062723c751e8b465ee728b)  -> (artifact id: 'ebd6411369a77bf8b0ebb1869fc321dc') in 0.007848 seconds 
  Import took 0.015834 seconds .

========================================================================
Received Import Request.
  Time since last request: 0.000645 seconds.
  path: Packages/com.unity.render-pipelines.core/Runtime/Debugging/Prefabs/Widgets/DebugUI FloatField.prefab
  artifactKey: Guid(7d4fd3415ea7dd64bbcfe13fb48a730b) Importer(815301076,1909f56bfc062723c751e8b465ee728b)
Start importing Packages/com.unity.render-pipelines.core/Runtime/Debugging/Prefabs/Widgets/DebugUI FloatField.prefab using Guid(7d4fd3415ea7dd64bbcfe13fb48a730b) Importer(815301076,1909f56bfc062723c751e8b465ee728b)  -> (artifact id: '1ea95b4ef593efc88e264ba23946ed42') in 0.008512 seconds 
  Import took 0.014837 seconds .

========================================================================
Received Import Request.
  Time since last request: 0.000527 seconds.
  path: Packages/com.unity.render-pipelines.core/Runtime/Debugging/Prefabs/Widgets/DebugUI Vector2.prefab
  artifactKey: Guid(326f7c58aed965d41bf7805a782d1e44) Importer(815301076,1909f56bfc062723c751e8b465ee728b)
Start importing Packages/com.unity.render-pipelines.core/Runtime/Debugging/Prefabs/Widgets/DebugUI Vector2.prefab using Guid(326f7c58aed965d41bf7805a782d1e44) Importer(815301076,1909f56bfc062723c751e8b465ee728b)  -> (artifact id: 'a413b2d08ce526b021be21a0dd2503a5') in 0.008868 seconds 
  Import took 0.014684 seconds .

========================================================================
Received Import Request.
  Time since last request: 0.000410 seconds.
  path: Packages/com.unity.render-pipelines.core/Runtime/Debugging/Prefabs/Widgets/DebugUI VBox.prefab
  artifactKey: Guid(ca3e294656861a64b8aeeb9f916da0a9) Importer(815301076,1909f56bfc062723c751e8b465ee728b)
Start importing Packages/com.unity.render-pipelines.core/Runtime/Debugging/Prefabs/Widgets/DebugUI VBox.prefab using Guid(ca3e294656861a64b8aeeb9f916da0a9) Importer(815301076,1909f56bfc062723c751e8b465ee728b)  -> (artifact id: 'c4dedaeb01752e40a9e3debe82b7911a') in 0.006472 seconds 
  Import took 0.010887 seconds .

========================================================================
Received Import Request.
  Time since last request: 0.000520 seconds.
  path: Packages/com.unity.render-pipelines.core/Runtime/Debugging/Prefabs/Resources/DebugUI Canvas.prefab
  artifactKey: Guid(cf6cbdd672089a84796e55a21fed1cbe) Importer(815301076,1909f56bfc062723c751e8b465ee728b)
Start importing Packages/com.unity.render-pipelines.core/Runtime/Debugging/Prefabs/Resources/DebugUI Canvas.prefab using Guid(cf6cbdd672089a84796e55a21fed1cbe) Importer(815301076,1909f56bfc062723c751e8b465ee728b)  -> (artifact id: 'fdea73fb6a31f79f65e2a32ddc38e7ab') in 0.027507 seconds 
  Import took 0.034413 seconds .

========================================================================
Received Import Request.
  Time since last request: 0.000398 seconds.
  path: Packages/com.unity.render-pipelines.core/Runtime/Debugging/Prefabs/Widgets/DebugUI Toggle.prefab
  artifactKey: Guid(ce347ad101f41ee4ab5c3fbc0ea447db) Importer(815301076,1909f56bfc062723c751e8b465ee728b)
Start importing Packages/com.unity.render-pipelines.core/Runtime/Debugging/Prefabs/Widgets/DebugUI Toggle.prefab using Guid(ce347ad101f41ee4ab5c3fbc0ea447db) Importer(815301076,1909f56bfc062723c751e8b465ee728b)  -> (artifact id: '0843705a7c84bce2d3a41526a8dc098d') in 0.008238 seconds 
  Import took 0.012733 seconds .

========================================================================
Received Import Request.
  Time since last request: 0.005669 seconds.
  path: Packages/com.unity.render-pipelines.core/Runtime/Debugging/Prefabs/Widgets/DebugUI Toggle.prefab
  artifactKey: Guid(ce347ad101f41ee4ab5c3fbc0ea447db) Importer(815301076,1909f56bfc062723c751e8b465ee728b)
Start importing Packages/com.unity.render-pipelines.core/Runtime/Debugging/Prefabs/Widgets/DebugUI Toggle.prefab using Guid(ce347ad101f41ee4ab5c3fbc0ea447db) Importer(815301076,1909f56bfc062723c751e8b465ee728b)  -> (artifact id: '0843705a7c84bce2d3a41526a8dc098d') in 0.007743 seconds 
  Import took 0.012816 seconds .

========================================================================
Received Prepare
Registering precompiled user dll's ...
Registered in 0.005132 seconds.
Begin MonoManager ReloadAssembly
Native extension for WindowsStandalone target not found
Refreshing native plugins compatible for Editor in 0.66 ms, found 2 plugins.
Preloading 0 native plugins for Editor in 0.00 ms.
Mono: successfully reloaded assembly
- Completed reload, in  0.905 seconds
Platform modules already initialized, skipping
Refreshing native plugins compatible for Editor in 0.70 ms, found 2 plugins.
Preloading 0 native plugins for Editor in 0.00 ms.
Unloading 3112 Unused Serialized files (Serialized files now loaded: 0)
System memory in use before: 137.9 MB.
System memory in use after: 138.1 MB.

Unloading 13 unused Assets to reduce memory usage. Loaded Objects now: 3769.
Total: 3.042700 ms (FindLiveObjects: 0.475100 ms CreateObjectMapping: 0.086700 ms MarkObjects: 2.450600 ms  DeleteObjects: 0.028700 ms)

AssetImportParameters requested are different than current active one (requested -> active):
  custom:framework-win-MediaFoundation: 216162199b28c13a410421893ffa2e32 -> 
  custom:video-decoder-ogg-theora: a1e56fd34408186e4bbccfd4996cb3dc -> 
  custom:container-muxer-webm: aa71ff27fc2769a1b78a27578f13a17b -> 
  custom:container-demuxer-webm: 4f35f7cbe854078d1ac9338744f61a02 -> 
  custom:container-demuxer-ogg: 62fdf1f143b41e24485cea50d1cbac27 -> 
  custom:video-encoder-webm-vp8: eb34c28f22e8b96e1ab97ce403110664 -> 
  custom:video-codec-MediaFoundation-h265: 746d11721c4dcdbdad8f713fa42b33f4 -> 
  custom:video-decoder-webm-vp8: 9c59270c3fd7afecdb556c50c9e8de78 -> 
  custom:audio-decoder-ogg-vorbis: bf7c407c2cedff20999df2af8eb42d56 -> 
  custom:audio-encoder-webm-vorbis: bf7c407c2cedff20999df2af8eb42d56 -> 
========================================================================
Received Import Request.
  Time since last request: 1099.704698 seconds.
  path: Assets/CreativeCore_Shaders/Prefabs/water ball.prefab
  artifactKey: Guid(2cbc292bfb5f6f842be09f20eea03580) Importer(815301076,1909f56bfc062723c751e8b465ee728b)
Start importing Assets/CreativeCore_Shaders/Prefabs/water ball.prefab using Guid(2cbc292bfb5f6f842be09f20eea03580) Importer(815301076,1909f56bfc062723c751e8b465ee728b)  -> (artifact id: '875c6a3e449f471f2233be2c15acaa81') in 0.158589 seconds 
  Import took 0.163926 seconds .

========================================================================
Received Import Request.
  Time since last request: 12.110398 seconds.
  path: Assets/CreativeCore_Shaders/Scenes/FinalScene_Shaders.unity
  artifactKey: Guid(7c27631576e162343b09aef59e0b5091) Importer(815301076,1909f56bfc062723c751e8b465ee728b)
Start importing Assets/CreativeCore_Shaders/Scenes/FinalScene_Shaders.unity using Guid(7c27631576e162343b09aef59e0b5091) Importer(815301076,1909f56bfc062723c751e8b465ee728b)  -> (artifact id: 'e558ea736146d8ed0c0f55cc4e9ebc60') in 0.010162 seconds 
  Import took 0.015061 seconds .

========================================================================
Received Import Request.
  Time since last request: 47.965529 seconds.
  path: Assets/CreativeCore_Shaders/Materials/waterball.mat
  artifactKey: Guid(c8ad21561e8ded54abe53e616cb2368f) Importer(815301076,1909f56bfc062723c751e8b465ee728b)
Start importing Assets/CreativeCore_Shaders/Materials/waterball.mat using Guid(c8ad21561e8ded54abe53e616cb2368f) Importer(815301076,1909f56bfc062723c751e8b465ee728b)  -> (artifact id: '00e60909978e4035df9564afaa91b036') in 0.031768 seconds 
  Import took 0.037110 seconds .

========================================================================
Received Import Request.
  Time since last request: 213.168389 seconds.
  path: Assets/CreativeCore_Shaders/Models/Characters/Ellen.fbx
  artifactKey: Guid(a5674d01884853d4e8f2386a171e14d9) Importer(815301076,1909f56bfc062723c751e8b465ee728b)
Start importing Assets/CreativeCore_Shaders/Models/Characters/Ellen.fbx using Guid(a5674d01884853d4e8f2386a171e14d9) Importer(815301076,1909f56bfc062723c751e8b465ee728b)  -> (artifact id: '653802f7eb0116b31661aa61b3f28413') in 0.103667 seconds 
  Import took 0.111695 seconds .

========================================================================
Received Prepare
Registering precompiled user dll's ...
Registered in 0.005016 seconds.
Begin MonoManager ReloadAssembly
Native extension for WindowsStandalone target not found
Refreshing native plugins compatible for Editor in 0.75 ms, found 2 plugins.
Preloading 0 native plugins for Editor in 0.00 ms.
Mono: successfully reloaded assembly
- Completed reload, in  0.976 seconds
Platform modules already initialized, skipping
Refreshing native plugins compatible for Editor in 0.70 ms, found 2 plugins.
Preloading 0 native plugins for Editor in 0.00 ms.
Unloading 3113 Unused Serialized files (Serialized files now loaded: 0)
System memory in use before: 153.2 MB.
System memory in use after: 153.4 MB.

Unloading 12 unused Assets to reduce memory usage. Loaded Objects now: 3813.
Total: 3.565900 ms (FindLiveObjects: 0.440400 ms CreateObjectMapping: 0.085900 ms MarkObjects: 3.008600 ms  DeleteObjects: 0.028400 ms)

AssetImportParameters requested are different than current active one (requested -> active):
  custom:framework-win-MediaFoundation: 216162199b28c13a410421893ffa2e32 -> 
  custom:video-decoder-ogg-theora: a1e56fd34408186e4bbccfd4996cb3dc -> 
  custom:container-muxer-webm: aa71ff27fc2769a1b78a27578f13a17b -> 
  custom:container-demuxer-webm: 4f35f7cbe854078d1ac9338744f61a02 -> 
  custom:container-demuxer-ogg: 62fdf1f143b41e24485cea50d1cbac27 -> 
  custom:video-encoder-webm-vp8: eb34c28f22e8b96e1ab97ce403110664 -> 
  custom:video-codec-MediaFoundation-h265: 746d11721c4dcdbdad8f713fa42b33f4 -> 
  custom:video-decoder-webm-vp8: 9c59270c3fd7afecdb556c50c9e8de78 -> 
  custom:audio-decoder-ogg-vorbis: bf7c407c2cedff20999df2af8eb42d56 -> 
  custom:audio-encoder-webm-vorbis: bf7c407c2cedff20999df2af8eb42d56 -> 
AssetImportWorkerClient::OnTransportError - code=2 error=End of file
