Using pre-set license
Built from '2020.3/staging' branch; Version is '2020.3.13f1 (71691879b7f5) revision 7432472'; Using compiler version '192528614'; Build Type 'Release'
OS: 'Windows 10 Home; OS build 22621.521; Version 2009; 64bit' Language: 'en' Physical Memory: 32680 MB
BatchMode: 1, IsHumanControllingUs: 0, StartBugReporterOnCrash: 0, Is64bit: 1, IsPro: 0

 COMMAND LINE ARGUMENTS:
D:\unity\2020.3.13f1\Editor\Unity.exe
-adb2
-batchMode
-noUpm
-name
AssetImportWorker0
-projectPath
C:/Users/dylan/Downloads/CC_Shaders/CC_Shaders
-logFile
Logs/AssetImportWorker0.log
-srvPort
52729
Successfully changed project path to: C:/Users/dylan/Downloads/CC_Shaders/CC_Shaders
C:/Users/dylan/Downloads/CC_Shaders/CC_Shaders
Using Asset Import Pipeline V2.
Refreshing native plugins compatible for Editor in 49.85 ms, found 2 plugins.
Preloading 0 native plugins for Editor in 0.00 ms.
Initialize engine version: 2020.3.13f1 (71691879b7f5)
[Subsystems] Discovering subsystems at path D:/unity/2020.3.13f1/Editor/Data/Resources/UnitySubsystems
[Subsystems] Discovering subsystems at path C:/Users/dylan/Downloads/CC_Shaders/CC_Shaders/Assets
GfxDevice: creating device client; threaded=0
Direct3D:
    Version:  Direct3D 11.0 [level 11.1]
    Renderer: NVIDIA GeForce RTX 2080 Ti (ID=0x1e07)
    Vendor:   
    VRAM:     11049 MB
    Driver:   31.0.15.1694
Initialize mono
Mono path[0] = 'D:/unity/2020.3.13f1/Editor/Data/Managed'
Mono path[1] = 'D:/unity/2020.3.13f1/Editor/Data/MonoBleedingEdge/lib/mono/unityjit'
Mono config path = 'D:/unity/2020.3.13f1/Editor/Data/MonoBleedingEdge/etc'
Using monoOptions --debugger-agent=transport=dt_socket,embedding=1,server=y,suspend=n,address=127.0.0.1:56384
Begin MonoManager ReloadAssembly
Registering precompiled unity dll's ...
Register platform support module: D:/unity/2020.3.13f1/Editor/Data/PlaybackEngines/WindowsStandaloneSupport/UnityEditor.WindowsStandalone.Extensions.dll
Registered in 0.002288 seconds.
Native extension for WindowsStandalone target not found
Refreshing native plugins compatible for Editor in 51.48 ms, found 2 plugins.
Preloading 0 native plugins for Editor in 0.00 ms.
Mono: successfully reloaded assembly
- Completed reload, in  0.921 seconds
Platform modules already initialized, skipping
Registering precompiled user dll's ...
Registered in 0.004563 seconds.
Begin MonoManager ReloadAssembly
Native extension for WindowsStandalone target not found
Refreshing native plugins compatible for Editor in 50.93 ms, found 2 plugins.
Preloading 0 native plugins for Editor in 0.00 ms.
Mono: successfully reloaded assembly
- Completed reload, in  0.995 seconds
Platform modules already initialized, skipping
========================================================================
Worker process is ready to serve import requests
Launched and connected shader compiler UnityShaderCompiler.exe after 0.04 seconds
Refreshing native plugins compatible for Editor in 0.76 ms, found 2 plugins.
Preloading 0 native plugins for Editor in 0.00 ms.
Unloading 3227 Unused Serialized files (Serialized files now loaded: 0)
System memory in use before: 137.4 MB.
System memory in use after: 137.6 MB.

Unloading 17 unused Assets to reduce memory usage. Loaded Objects now: 3662.
Total: 2.520500 ms (FindLiveObjects: 0.370600 ms CreateObjectMapping: 0.083200 ms MarkObjects: 1.983500 ms  DeleteObjects: 0.082400 ms)

AssetImportParameters requested are different than current active one (requested -> active):
  custom:framework-win-MediaFoundation: 216162199b28c13a410421893ffa2e32 -> 
  custom:video-decoder-ogg-theora: a1e56fd34408186e4bbccfd4996cb3dc -> 
  custom:container-muxer-webm: aa71ff27fc2769a1b78a27578f13a17b -> 
  custom:container-demuxer-webm: 4f35f7cbe854078d1ac9338744f61a02 -> 
  custom:container-demuxer-ogg: 62fdf1f143b41e24485cea50d1cbac27 -> 
  custom:video-encoder-webm-vp8: eb34c28f22e8b96e1ab97ce403110664 -> 
  custom:video-codec-MediaFoundation-h265: 746d11721c4dcdbdad8f713fa42b33f4 -> 
  custom:video-decoder-webm-vp8: 9c59270c3fd7afecdb556c50c9e8de78 -> 
  custom:audio-decoder-ogg-vorbis: bf7c407c2cedff20999df2af8eb42d56 -> 
  custom:audio-encoder-webm-vorbis: bf7c407c2cedff20999df2af8eb42d56 -> 
========================================================================
Received Import Request.
  path: Assets/CreativeCore_Shaders
  artifactKey: Guid(1685fc55875baf6458532a75986cc987) Importer(815301076,1909f56bfc062723c751e8b465ee728b)
Start importing Assets/CreativeCore_Shaders using Guid(1685fc55875baf6458532a75986cc987) Importer(815301076,1909f56bfc062723c751e8b465ee728b)  -> (artifact id: '48dcc895302def7fb24ebf10bc12955c') in 0.011858 seconds 
  Import took 0.019764 seconds .

========================================================================
Received Import Request.
  Time since last request: 0.008540 seconds.
  path: Assets/CreativeCore_Shaders/Scenes
  artifactKey: Guid(7e76fa52fd407cd45832ff815570a3e9) Importer(815301076,1909f56bfc062723c751e8b465ee728b)
Start importing Assets/CreativeCore_Shaders/Scenes using Guid(7e76fa52fd407cd45832ff815570a3e9) Importer(815301076,1909f56bfc062723c751e8b465ee728b)  -> (artifact id: '2bfe2a858da12073ce030b076af24d24') in 0.019710 seconds 
  Import took 0.026130 seconds .

========================================================================
Received Import Request.
  Time since last request: 2.044696 seconds.
  path: Assets/CreativeCore_Shaders/Scenes/TutorialScene_Shaders.unity
  artifactKey: Guid(2f53f1f0176b3014cbc68a553f469f69) Importer(815301076,1909f56bfc062723c751e8b465ee728b)
Start importing Assets/CreativeCore_Shaders/Scenes/TutorialScene_Shaders.unity using Guid(2f53f1f0176b3014cbc68a553f469f69) Importer(815301076,1909f56bfc062723c751e8b465ee728b)  -> (artifact id: '64cd5fca19bb469bb87427f715188ac6') in 0.021410 seconds 
  Import took 0.030360 seconds .

========================================================================
Received Import Request.
  Time since last request: 827.370545 seconds.
  path: Assets/CreativeCore_Shaders/Materials/AppleRed.mat
  artifactKey: Guid(dfdbbf9f1ad2ce847885e3477d503408) Importer(815301076,1909f56bfc062723c751e8b465ee728b)
Start importing Assets/CreativeCore_Shaders/Materials/AppleRed.mat using Guid(dfdbbf9f1ad2ce847885e3477d503408) Importer(815301076,1909f56bfc062723c751e8b465ee728b)  -> (artifact id: '23006c444ce2fd44beae07704abc9b2f') in 0.180743 seconds 
  Import took 0.186711 seconds .

========================================================================
Received Import Request.
  Time since last request: 0.001793 seconds.
  path: Assets/CreativeCore_Shaders/Materials/BlueMug.mat
  artifactKey: Guid(cc411d5554c088840a2e8eef029755f8) Importer(815301076,1909f56bfc062723c751e8b465ee728b)
Start importing Assets/CreativeCore_Shaders/Materials/BlueMug.mat using Guid(cc411d5554c088840a2e8eef029755f8) Importer(815301076,1909f56bfc062723c751e8b465ee728b)  -> (artifact id: 'd7bb5c4d6f89c0746deb88b7081f18e8') in 0.015191 seconds 
  Import took 0.020765 seconds .

========================================================================
Received Import Request.
  Time since last request: 0.001774 seconds.
  path: Assets/CreativeCore_Shaders/Materials/AppleRed.mat
  artifactKey: Guid(dfdbbf9f1ad2ce847885e3477d503408) Importer(815301076,1909f56bfc062723c751e8b465ee728b)
Start importing Assets/CreativeCore_Shaders/Materials/AppleRed.mat using Guid(dfdbbf9f1ad2ce847885e3477d503408) Importer(815301076,1909f56bfc062723c751e8b465ee728b)  -> (artifact id: '23006c444ce2fd44beae07704abc9b2f') in 0.012496 seconds 
  Import took 0.018229 seconds .

========================================================================
Received Import Request.
  Time since last request: 0.001761 seconds.
  path: Assets/CreativeCore_Shaders/Materials/WoodStem.mat
  artifactKey: Guid(c5cdd23c0f5259c4f87e3ca09fc10e1b) Importer(815301076,1909f56bfc062723c751e8b465ee728b)
Start importing Assets/CreativeCore_Shaders/Materials/WoodStem.mat using Guid(c5cdd23c0f5259c4f87e3ca09fc10e1b) Importer(815301076,1909f56bfc062723c751e8b465ee728b)  -> (artifact id: 'c7f532046843620706faab3e73aedec0') in 0.013733 seconds 
  Import took 0.019413 seconds .

========================================================================
Received Import Request.
  Time since last request: 0.000381 seconds.
  path: Assets/CreativeCore_Shaders/Materials/GrayDoublesided.mat
  artifactKey: Guid(cf39a6fe1f036e44e84642dfc79c978e) Importer(815301076,1909f56bfc062723c751e8b465ee728b)
Start importing Assets/CreativeCore_Shaders/Materials/GrayDoublesided.mat using Guid(cf39a6fe1f036e44e84642dfc79c978e) Importer(815301076,1909f56bfc062723c751e8b465ee728b)  -> (artifact id: 'fae8b86b53efd42e018c1c1bb0a5ede1') in 0.013481 seconds 
  Import took 0.017957 seconds .

========================================================================
Received Import Request.
  Time since last request: 0.000478 seconds.
  path: Assets/CreativeCore_Shaders/Materials/RedSmooth.mat
  artifactKey: Guid(931621f81e17909459f65151523f3158) Importer(815301076,1909f56bfc062723c751e8b465ee728b)
Start importing Assets/CreativeCore_Shaders/Materials/RedSmooth.mat using Guid(931621f81e17909459f65151523f3158) Importer(815301076,1909f56bfc062723c751e8b465ee728b)  -> (artifact id: 'f4a444be22806bcf6b32b6b23a27190a') in 0.010715 seconds 
  Import took 0.014953 seconds .

========================================================================
Received Import Request.
  Time since last request: 0.000356 seconds.
  path: Assets/CreativeCore_Shaders/Materials/Green.mat
  artifactKey: Guid(0a5d25fdb7fcc30448603b8cac251708) Importer(815301076,1909f56bfc062723c751e8b465ee728b)
Start importing Assets/CreativeCore_Shaders/Materials/Green.mat using Guid(0a5d25fdb7fcc30448603b8cac251708) Importer(815301076,1909f56bfc062723c751e8b465ee728b)  -> (artifact id: '20b0783844933294ce9c242496cc253a') in 0.012491 seconds 
  Import took 0.017179 seconds .

========================================================================
Received Import Request.
  Time since last request: 0.000342 seconds.
  path: Assets/CreativeCore_Shaders/Materials/PlainWhite.mat
  artifactKey: Guid(c68e7d187af4cd7489ee63e69ae21740) Importer(815301076,1909f56bfc062723c751e8b465ee728b)
Start importing Assets/CreativeCore_Shaders/Materials/PlainWhite.mat using Guid(c68e7d187af4cd7489ee63e69ae21740) Importer(815301076,1909f56bfc062723c751e8b465ee728b)  -> (artifact id: '3595c95b387189d67c928bde9f3db3cf') in 0.010317 seconds 
  Import took 0.014783 seconds .

========================================================================
Received Import Request.
  Time since last request: 0.000342 seconds.
  path: Assets/CreativeCore_Shaders/Materials/Blue.mat
  artifactKey: Guid(b40f8cf70e322a24f847311c87d496c5) Importer(815301076,1909f56bfc062723c751e8b465ee728b)
Start importing Assets/CreativeCore_Shaders/Materials/Blue.mat using Guid(b40f8cf70e322a24f847311c87d496c5) Importer(815301076,1909f56bfc062723c751e8b465ee728b)  -> (artifact id: '09f12ed31a2c121bc4ff72468f32e7a2') in 0.011543 seconds 
  Import took 0.016466 seconds .

========================================================================
Received Import Request.
  Time since last request: 0.000333 seconds.
  path: Assets/CreativeCore_Shaders/Materials/OrangeMug.mat
  artifactKey: Guid(56c602ef423139e4a974fdaec2a4eafa) Importer(815301076,1909f56bfc062723c751e8b465ee728b)
Start importing Assets/CreativeCore_Shaders/Materials/OrangeMug.mat using Guid(56c602ef423139e4a974fdaec2a4eafa) Importer(815301076,1909f56bfc062723c751e8b465ee728b)  -> (artifact id: '4e91bcdcf2c04d5514d3dcbebebe45a5') in 0.277990 seconds 
  Import took 0.282526 seconds .

========================================================================
Received Import Request.
  Time since last request: 0.000346 seconds.
  path: Assets/CreativeCore_Shaders/Materials/Pear.mat
  artifactKey: Guid(e5355ae11876af64891328000f84f5f1) Importer(815301076,1909f56bfc062723c751e8b465ee728b)
Start importing Assets/CreativeCore_Shaders/Materials/Pear.mat using Guid(e5355ae11876af64891328000f84f5f1) Importer(815301076,1909f56bfc062723c751e8b465ee728b)  -> (artifact id: 'ac94f00e9067806c9412ca6afec96251') in 0.011404 seconds 
  Import took 0.016284 seconds .

========================================================================
Received Import Request.
  Time since last request: 0.000324 seconds.
  path: Assets/CreativeCore_Shaders/Materials/Black.mat
  artifactKey: Guid(1feb6d77695b9d347b4bfc7e23ad420c) Importer(815301076,1909f56bfc062723c751e8b465ee728b)
Start importing Assets/CreativeCore_Shaders/Materials/Black.mat using Guid(1feb6d77695b9d347b4bfc7e23ad420c) Importer(815301076,1909f56bfc062723c751e8b465ee728b)  -> (artifact id: 'dd0cd2f79e9ac06e08ba2bb76774d87f') in 0.012236 seconds 
  Import took 0.017082 seconds .

========================================================================
Received Import Request.
  Time since last request: 0.000328 seconds.
  path: Assets/CreativeCore_Shaders/Materials/Yellow.mat
  artifactKey: Guid(d7540ea2c7bee1640b912cfa359fe520) Importer(815301076,1909f56bfc062723c751e8b465ee728b)
Start importing Assets/CreativeCore_Shaders/Materials/Yellow.mat using Guid(d7540ea2c7bee1640b912cfa359fe520) Importer(815301076,1909f56bfc062723c751e8b465ee728b)  -> (artifact id: '85173e9c91ecf20159b8c3610d9c85ee') in 0.011213 seconds 
  Import took 0.015438 seconds .

========================================================================
Received Import Request.
  Time since last request: 0.000356 seconds.
  path: Assets/CreativeCore_Shaders/Materials/PlainGray.mat
  artifactKey: Guid(af4abdd498f16a54db4b3804b49246df) Importer(815301076,1909f56bfc062723c751e8b465ee728b)
Start importing Assets/CreativeCore_Shaders/Materials/PlainGray.mat using Guid(af4abdd498f16a54db4b3804b49246df) Importer(815301076,1909f56bfc062723c751e8b465ee728b)  -> (artifact id: 'ad36156229d445e18dff6f618b1ee4f5') in 0.011123 seconds 
  Import took 0.014751 seconds .

========================================================================
Received Import Request.
  Time since last request: 0.000351 seconds.
  path: Assets/CreativeCore_Shaders/Materials/BlueSmooth.mat
  artifactKey: Guid(98872e32b691a434592c4edd96a0d5a4) Importer(815301076,1909f56bfc062723c751e8b465ee728b)
Start importing Assets/CreativeCore_Shaders/Materials/BlueSmooth.mat using Guid(98872e32b691a434592c4edd96a0d5a4) Importer(815301076,1909f56bfc062723c751e8b465ee728b)  -> (artifact id: '93af877f0ee686aca8c2fe200127219a') in 0.011442 seconds 
  Import took 0.016381 seconds .

========================================================================
Received Import Request.
  Time since last request: 0.000434 seconds.
  path: Assets/CreativeCore_Shaders/Materials/WhiteEmission.mat
  artifactKey: Guid(f20b8f2825cd3a848a479356617322c7) Importer(815301076,1909f56bfc062723c751e8b465ee728b)
Start importing Assets/CreativeCore_Shaders/Materials/WhiteEmission.mat using Guid(f20b8f2825cd3a848a479356617322c7) Importer(815301076,1909f56bfc062723c751e8b465ee728b)  -> (artifact id: '2a0cb956d7cca0c826ea2863983441b4') in 0.194694 seconds 
  Import took 0.199630 seconds .

========================================================================
Received Import Request.
  Time since last request: 0.000361 seconds.
  path: Assets/CreativeCore_Shaders/Materials/Chrome.mat
  artifactKey: Guid(70d19d5391ddccd47bcdc9bb2a9cb69f) Importer(815301076,1909f56bfc062723c751e8b465ee728b)
Start importing Assets/CreativeCore_Shaders/Materials/Chrome.mat using Guid(70d19d5391ddccd47bcdc9bb2a9cb69f) Importer(815301076,1909f56bfc062723c751e8b465ee728b)  -> (artifact id: '44dbc8a3711dc74776948e147e3032d4') in 0.010864 seconds 
  Import took 0.014985 seconds .

========================================================================
Received Import Request.
  Time since last request: 0.000372 seconds.
  path: Assets/CreativeCore_Shaders/Materials/LimeGreen.mat
  artifactKey: Guid(16c7708d3afe83f41811d35592d81b25) Importer(815301076,1909f56bfc062723c751e8b465ee728b)
Start importing Assets/CreativeCore_Shaders/Materials/LimeGreen.mat using Guid(16c7708d3afe83f41811d35592d81b25) Importer(815301076,1909f56bfc062723c751e8b465ee728b)  -> (artifact id: 'dfbbbed2f43c519e237d7bdd3cd2002d') in 0.011815 seconds 
  Import took 0.017618 seconds .

========================================================================
Received Import Request.
  Time since last request: 0.000553 seconds.
  path: Assets/CreativeCore_Shaders/Materials/LemonYellow.mat
  artifactKey: Guid(faaa6adeb4769c84fae1bbb81ae7775d) Importer(815301076,1909f56bfc062723c751e8b465ee728b)
Start importing Assets/CreativeCore_Shaders/Materials/LemonYellow.mat using Guid(faaa6adeb4769c84fae1bbb81ae7775d) Importer(815301076,1909f56bfc062723c751e8b465ee728b)  -> (artifact id: '4e76b829e60ee3097d92a74408fcba4b') in 0.012251 seconds 
  Import took 0.016508 seconds .

========================================================================
Received Import Request.
  Time since last request: 0.000322 seconds.
  path: Assets/CreativeCore_Shaders/Materials/ChainFence.mat
  artifactKey: Guid(5c015380d416cf9468cb6be2b1975d93) Importer(815301076,1909f56bfc062723c751e8b465ee728b)
Start importing Assets/CreativeCore_Shaders/Materials/ChainFence.mat using Guid(5c015380d416cf9468cb6be2b1975d93) Importer(815301076,1909f56bfc062723c751e8b465ee728b)  -> (artifact id: '189a3cb92386a4ede6fb2f7e172c9fc9') in 0.012411 seconds 
  Import took 0.017186 seconds .

========================================================================
Received Import Request.
  Time since last request: 16.345076 seconds.
  path: Assets/CreativeCore_Shaders/Models/Apple.FBX
  artifactKey: Guid(5f0d530d48f8ee34fa8012b771731985) Importer(815301076,1909f56bfc062723c751e8b465ee728b)
Start importing Assets/CreativeCore_Shaders/Models/Apple.FBX using Guid(5f0d530d48f8ee34fa8012b771731985) Importer(815301076,1909f56bfc062723c751e8b465ee728b)  -> (artifact id: 'd996c4bd1e9dea921b1ee2252fae4603') in 0.256829 seconds 
  Import took 0.262707 seconds .

========================================================================
Received Import Request.
  Time since last request: 0.000375 seconds.
  path: Assets/CreativeCore_Shaders/Models/Banana.FBX
  artifactKey: Guid(315d69bbfafee4c4aa2c9ac493537c0f) Importer(815301076,1909f56bfc062723c751e8b465ee728b)
Start importing Assets/CreativeCore_Shaders/Models/Banana.FBX using Guid(315d69bbfafee4c4aa2c9ac493537c0f) Importer(815301076,1909f56bfc062723c751e8b465ee728b)  -> (artifact id: 'c86f790bf6a8e2d2c24fb76f0cd89c77') in 0.015867 seconds 
  Import took 0.020750 seconds .

========================================================================
Received Import Request.
  Time since last request: 0.000296 seconds.
  path: Assets/CreativeCore_Shaders/Models/Lemon.FBX
  artifactKey: Guid(c522b71b06cb264439b222833d6b18f4) Importer(815301076,1909f56bfc062723c751e8b465ee728b)
Start importing Assets/CreativeCore_Shaders/Models/Lemon.FBX using Guid(c522b71b06cb264439b222833d6b18f4) Importer(815301076,1909f56bfc062723c751e8b465ee728b)  -> (artifact id: 'f7fafd43f6a99eb97097fe829b22b32d') in 0.016140 seconds 
  Import took 0.020907 seconds .

========================================================================
Received Import Request.
  Time since last request: 0.000343 seconds.
  path: Assets/CreativeCore_Shaders/Models/Mug.fbx
  artifactKey: Guid(48224b9cb16db6e4e8e4b237da1f56e8) Importer(815301076,1909f56bfc062723c751e8b465ee728b)
Start importing Assets/CreativeCore_Shaders/Models/Mug.fbx using Guid(48224b9cb16db6e4e8e4b237da1f56e8) Importer(815301076,1909f56bfc062723c751e8b465ee728b)  -> (artifact id: 'c6579c92c39a1e94320f1bdbf0e9c425') in 0.022013 seconds 
  Import took 0.026831 seconds .

========================================================================
Received Import Request.
  Time since last request: 0.000376 seconds.
  path: Assets/CreativeCore_Shaders/Models/GalleryInterior.fbx
  artifactKey: Guid(dc41f39fbf512ee459a69bcac9f872e1) Importer(815301076,1909f56bfc062723c751e8b465ee728b)
Start importing Assets/CreativeCore_Shaders/Models/GalleryInterior.fbx using Guid(dc41f39fbf512ee459a69bcac9f872e1) Importer(815301076,1909f56bfc062723c751e8b465ee728b)  -> (artifact id: 'c11ed4120a5655733867da4738238e36') in 0.219111 seconds 
  Import took 0.223850 seconds .

========================================================================
Received Import Request.
  Time since last request: 0.000285 seconds.
  path: Assets/CreativeCore_Shaders/Models/Plant.FBX
  artifactKey: Guid(1bb5721a9e0e1574d8d2deabd8df8a29) Importer(815301076,1909f56bfc062723c751e8b465ee728b)
Start importing Assets/CreativeCore_Shaders/Models/Plant.FBX using Guid(1bb5721a9e0e1574d8d2deabd8df8a29) Importer(815301076,1909f56bfc062723c751e8b465ee728b)  -> (artifact id: '7e1b3f8a8450e79e0cf5834e635f16b5') in 0.124093 seconds 
  Import took 0.129202 seconds .

========================================================================
Received Import Request.
  Time since last request: 0.000413 seconds.
  path: Assets/CreativeCore_Shaders/Models/GalleryInterior.fbx
  artifactKey: Guid(dc41f39fbf512ee459a69bcac9f872e1) Importer(815301076,1909f56bfc062723c751e8b465ee728b)
Start importing Assets/CreativeCore_Shaders/Models/GalleryInterior.fbx using Guid(dc41f39fbf512ee459a69bcac9f872e1) Importer(815301076,1909f56bfc062723c751e8b465ee728b)  -> (artifact id: 'c11ed4120a5655733867da4738238e36') in 0.208569 seconds 
  Import took 0.213177 seconds .

========================================================================
Received Import Request.
  Time since last request: 0.000302 seconds.
  path: Assets/CreativeCore_Shaders/Models/Apple.FBX
  artifactKey: Guid(5f0d530d48f8ee34fa8012b771731985) Importer(815301076,1909f56bfc062723c751e8b465ee728b)
Start importing Assets/CreativeCore_Shaders/Models/Apple.FBX using Guid(5f0d530d48f8ee34fa8012b771731985) Importer(815301076,1909f56bfc062723c751e8b465ee728b)  -> (artifact id: 'd996c4bd1e9dea921b1ee2252fae4603') in 0.030137 seconds 
  Import took 0.034361 seconds .

========================================================================
Received Import Request.
  Time since last request: 0.000321 seconds.
  path: Assets/CreativeCore_Shaders/Models/Kettle.fbx
  artifactKey: Guid(f33334da4bf68b342a6a1aa10918e929) Importer(815301076,1909f56bfc062723c751e8b465ee728b)
Start importing Assets/CreativeCore_Shaders/Models/Kettle.fbx using Guid(f33334da4bf68b342a6a1aa10918e929) Importer(815301076,1909f56bfc062723c751e8b465ee728b)  -> (artifact id: 'f6fac19c1a2f54328f2d17a6f033c8b9') in 0.017886 seconds 
  Import took 0.023013 seconds .

========================================================================
Received Import Request.
  Time since last request: 0.000310 seconds.
  path: Assets/CreativeCore_Shaders/Models/GlassVase.FBX
  artifactKey: Guid(aabbaa0671965744eab2b299e205abaf) Importer(815301076,1909f56bfc062723c751e8b465ee728b)
Start importing Assets/CreativeCore_Shaders/Models/GlassVase.FBX using Guid(aabbaa0671965744eab2b299e205abaf) Importer(815301076,1909f56bfc062723c751e8b465ee728b)  -> (artifact id: '42d50fd5fa9cdd82de19bcb31d3db334') in 0.015024 seconds 
  Import took 0.019061 seconds .

========================================================================
Received Import Request.
  Time since last request: 0.000348 seconds.
  path: Assets/CreativeCore_Shaders/Models/Pear.FBX
  artifactKey: Guid(a95f74ef5a23e0c4c9968727609344e2) Importer(815301076,1909f56bfc062723c751e8b465ee728b)
Start importing Assets/CreativeCore_Shaders/Models/Pear.FBX using Guid(a95f74ef5a23e0c4c9968727609344e2) Importer(815301076,1909f56bfc062723c751e8b465ee728b)  -> (artifact id: 'f6ada8150f9bacc9c0c5bd09bf1e527d') in 0.026808 seconds 
  Import took 0.031142 seconds .

========================================================================
Received Import Request.
  Time since last request: 2.634334 seconds.
  path: Assets/CreativeCore_Shaders/Materials/Characters/Ellen Display Materials/Quad_Albedo.mat
  artifactKey: Guid(38602808b19443f4fbc820971ded0dfe) Importer(815301076,1909f56bfc062723c751e8b465ee728b)
Start importing Assets/CreativeCore_Shaders/Materials/Characters/Ellen Display Materials/Quad_Albedo.mat using Guid(38602808b19443f4fbc820971ded0dfe) Importer(815301076,1909f56bfc062723c751e8b465ee728b)  -> (artifact id: '173848d67e8faac20e5621f9b8462079') in 0.222410 seconds 
  Import took 0.227661 seconds .

========================================================================
Received Import Request.
  Time since last request: 0.000340 seconds.
  path: Assets/CreativeCore_Shaders/Materials/Characters/Ellen Display Materials/Quad_MetallicSmooth.mat
  artifactKey: Guid(5f74873e509d9714da7c6a41ab6370c5) Importer(815301076,1909f56bfc062723c751e8b465ee728b)
Start importing Assets/CreativeCore_Shaders/Materials/Characters/Ellen Display Materials/Quad_MetallicSmooth.mat using Guid(5f74873e509d9714da7c6a41ab6370c5) Importer(815301076,1909f56bfc062723c751e8b465ee728b)  -> (artifact id: '655c34faba80dd0bc6b524d3934075e0') in 0.019333 seconds 
  Import took 0.023644 seconds .

========================================================================
Received Import Request.
  Time since last request: 0.000421 seconds.
  path: Assets/CreativeCore_Shaders/Materials/Characters/Ellen Display Materials/Quad_Occlusion.mat
  artifactKey: Guid(4b793c247c699b745801e0a6a70e87cf) Importer(815301076,1909f56bfc062723c751e8b465ee728b)
Start importing Assets/CreativeCore_Shaders/Materials/Characters/Ellen Display Materials/Quad_Occlusion.mat using Guid(4b793c247c699b745801e0a6a70e87cf) Importer(815301076,1909f56bfc062723c751e8b465ee728b)  -> (artifact id: '77075fa1322e49f2768822c884ba518f') in 0.013669 seconds 
  Import took 0.018092 seconds .

========================================================================
Received Import Request.
  Time since last request: 0.000390 seconds.
  path: Assets/CreativeCore_Shaders/Materials/Characters/Ellen Display Materials/Quad_MetallicSmooth_Alpha.mat
  artifactKey: Guid(c1396ac3e502b4850b2c8393c742501d) Importer(815301076,1909f56bfc062723c751e8b465ee728b)
Start importing Assets/CreativeCore_Shaders/Materials/Characters/Ellen Display Materials/Quad_MetallicSmooth_Alpha.mat using Guid(c1396ac3e502b4850b2c8393c742501d) Importer(815301076,1909f56bfc062723c751e8b465ee728b)  -> (artifact id: 'd209897a7fa213c5faed534b82883700') in 0.029955 seconds 
  Import took 0.035124 seconds .

========================================================================
Received Import Request.
  Time since last request: 0.000361 seconds.
  path: Assets/CreativeCore_Shaders/Materials/Characters/Ellen Display Materials/Quad_Emission.mat
  artifactKey: Guid(59355bf2d9290f54d8f54723921f9a58) Importer(815301076,1909f56bfc062723c751e8b465ee728b)
Start importing Assets/CreativeCore_Shaders/Materials/Characters/Ellen Display Materials/Quad_Emission.mat using Guid(59355bf2d9290f54d8f54723921f9a58) Importer(815301076,1909f56bfc062723c751e8b465ee728b)  -> (artifact id: 'c9d06d0b6fd37f6c199bf14697c3400b') in 0.027168 seconds 
  Import took 0.031308 seconds .

========================================================================
Received Import Request.
  Time since last request: 0.000413 seconds.
  path: Assets/CreativeCore_Shaders/Materials/Characters/Ellen Display Materials/Quad_Albedo.mat
  artifactKey: Guid(38602808b19443f4fbc820971ded0dfe) Importer(815301076,1909f56bfc062723c751e8b465ee728b)
Start importing Assets/CreativeCore_Shaders/Materials/Characters/Ellen Display Materials/Quad_Albedo.mat using Guid(38602808b19443f4fbc820971ded0dfe) Importer(815301076,1909f56bfc062723c751e8b465ee728b)  -> (artifact id: '173848d67e8faac20e5621f9b8462079') in 0.013414 seconds 
  Import took 0.017950 seconds .

========================================================================
Received Import Request.
  Time since last request: 0.000383 seconds.
  path: Assets/CreativeCore_Shaders/Materials/Characters/Ellen Display Materials/Quad_Normal.mat
  artifactKey: Guid(86534822163b22f4ab16bb083a8b67be) Importer(815301076,1909f56bfc062723c751e8b465ee728b)
Start importing Assets/CreativeCore_Shaders/Materials/Characters/Ellen Display Materials/Quad_Normal.mat using Guid(86534822163b22f4ab16bb083a8b67be) Importer(815301076,1909f56bfc062723c751e8b465ee728b)  -> (artifact id: '23a25bef4f1fd7d5b245107bae9176fe') in 0.018199 seconds 
  Import took 0.022975 seconds .

========================================================================
Received Import Request.
  Time since last request: 1.765450 seconds.
  path: Assets/CreativeCore_Shaders/Materials/Completed Materials/LineUps/Specular 4.mat
  artifactKey: Guid(ed2472d1aa366cd459582d5bfd5931e5) Importer(815301076,1909f56bfc062723c751e8b465ee728b)
Start importing Assets/CreativeCore_Shaders/Materials/Completed Materials/LineUps/Specular 4.mat using Guid(ed2472d1aa366cd459582d5bfd5931e5) Importer(815301076,1909f56bfc062723c751e8b465ee728b)  -> (artifact id: 'b0157e7aa9151217d97fafc792c32fee') in 0.175999 seconds 
  Import took 0.181064 seconds .

========================================================================
Received Import Request.
  Time since last request: 0.000269 seconds.
  path: Assets/CreativeCore_Shaders/Materials/Completed Materials/LineUps/Specular 5.mat
  artifactKey: Guid(d034da5ae6383dd43a64ab94dc47c0a5) Importer(815301076,1909f56bfc062723c751e8b465ee728b)
Start importing Assets/CreativeCore_Shaders/Materials/Completed Materials/LineUps/Specular 5.mat using Guid(d034da5ae6383dd43a64ab94dc47c0a5) Importer(815301076,1909f56bfc062723c751e8b465ee728b)  -> (artifact id: '4378aa443371349d55d97282047c4d93') in 0.013516 seconds 
  Import took 0.018375 seconds .

========================================================================
Received Import Request.
  Time since last request: 1147.102848 seconds.
  path: Assets/CreativeCore_Shaders/Materials/Standard/Green Solid.mat
  artifactKey: Guid(c90bf8c37a1bac1408e51ce82f4c7a7e) Importer(815301076,1909f56bfc062723c751e8b465ee728b)
Start importing Assets/CreativeCore_Shaders/Materials/Standard/Green Solid.mat using Guid(c90bf8c37a1bac1408e51ce82f4c7a7e) Importer(815301076,1909f56bfc062723c751e8b465ee728b)  -> (artifact id: '8f2f34abd6d316b3946300cd55a4f3fb') in 0.019555 seconds 
  Import took 0.025091 seconds .

========================================================================
Received Import Request.
  Time since last request: 0.000280 seconds.
  path: Assets/CreativeCore_Shaders/Materials/Standard/Orange-ish.mat
  artifactKey: Guid(81f96576aa28a414ab11054176576e2c) Importer(815301076,1909f56bfc062723c751e8b465ee728b)
Start importing Assets/CreativeCore_Shaders/Materials/Standard/Orange-ish.mat using Guid(81f96576aa28a414ab11054176576e2c) Importer(815301076,1909f56bfc062723c751e8b465ee728b)  -> (artifact id: 'c3748f728861c0bce79121cc02ef58b5') in 0.011517 seconds 
  Import took 0.015930 seconds .

========================================================================
Received Import Request.
  Time since last request: 574.482557 seconds.
  path: Assets/CreativeCore_Shaders/ShaderGraphs/Dissolve.mat
  artifactKey: Guid(d83e4c2b350bdbc478c0753f1f944c31) Importer(815301076,1909f56bfc062723c751e8b465ee728b)
Start importing Assets/CreativeCore_Shaders/ShaderGraphs/Dissolve.mat using Guid(d83e4c2b350bdbc478c0753f1f944c31) Importer(815301076,1909f56bfc062723c751e8b465ee728b)  -> (artifact id: '4fc149edb63d948e61e77f8b7f432d90') in 0.364294 seconds 
  Import took 0.369827 seconds .

========================================================================
Received Import Request.
  Time since last request: 0.000287 seconds.
  path: Assets/CreativeCore_Shaders/Materials/Completed Materials/LineUps/Metallic 1.mat
  artifactKey: Guid(4a97f85f576b4a44bb5bc61f363b1040) Importer(815301076,1909f56bfc062723c751e8b465ee728b)
Start importing Assets/CreativeCore_Shaders/Materials/Completed Materials/LineUps/Metallic 1.mat using Guid(4a97f85f576b4a44bb5bc61f363b1040) Importer(815301076,1909f56bfc062723c751e8b465ee728b)  -> (artifact id: 'f7ea4ebfa34fe7b69e3a2d564a90604a') in 0.012707 seconds 
  Import took 0.016842 seconds .

========================================================================
Received Import Request.
  Time since last request: 0.000470 seconds.
  path: Assets/CreativeCore_Shaders/Materials/Characters/Ellen/Ellen_Hair.mat
  artifactKey: Guid(f4c868f611aae16448d369b0bf66a723) Importer(815301076,1909f56bfc062723c751e8b465ee728b)
Start importing Assets/CreativeCore_Shaders/Materials/Characters/Ellen/Ellen_Hair.mat using Guid(f4c868f611aae16448d369b0bf66a723) Importer(815301076,1909f56bfc062723c751e8b465ee728b)  -> (artifact id: '456a48fdbd19b1022e51bf4f67a63ba3') in 0.209763 seconds 
  Import took 0.213936 seconds .

========================================================================
Received Import Request.
  Time since last request: 0.000360 seconds.
  path: Packages/com.unity.searcher/Editor/Resources/FlatSkin/Font/Roboto-Thin.ttf
  artifactKey: Guid(19a9abb883540be48b75b951a927ae03) Importer(815301076,1909f56bfc062723c751e8b465ee728b)
Start importing Packages/com.unity.searcher/Editor/Resources/FlatSkin/Font/Roboto-Thin.ttf using Guid(19a9abb883540be48b75b951a927ae03) Importer(815301076,1909f56bfc062723c751e8b465ee728b)  -> (artifact id: 'e546ab6cdca899bff6c13129bceee71d') in 0.068387 seconds 
  Import took 0.072553 seconds .

========================================================================
Received Import Request.
  Time since last request: 0.000296 seconds.
  path: Assets/CreativeCore_Shaders/ShaderGraphs/Shimmer.mat
  artifactKey: Guid(05d124e7f58847849bf41399778e420d) Importer(815301076,1909f56bfc062723c751e8b465ee728b)
Start importing Assets/CreativeCore_Shaders/ShaderGraphs/Shimmer.mat using Guid(05d124e7f58847849bf41399778e420d) Importer(815301076,1909f56bfc062723c751e8b465ee728b)  -> (artifact id: '0f996acf7b63e92e15d300454687eecb') in 0.338650 seconds 
  Import took 0.342998 seconds .

========================================================================
Received Import Request.
  Time since last request: 0.000356 seconds.
  path: Assets/CreativeCore_Shaders/Materials/Characters/Ellen/Ellen_Eyes.mat
  artifactKey: Guid(fc14fcaf3cd73e641b94b89c70ce5f11) Importer(815301076,1909f56bfc062723c751e8b465ee728b)
Start importing Assets/CreativeCore_Shaders/Materials/Characters/Ellen/Ellen_Eyes.mat using Guid(fc14fcaf3cd73e641b94b89c70ce5f11) Importer(815301076,1909f56bfc062723c751e8b465ee728b)  -> (artifact id: '53ed50d14c8509b6c4240477a3ac7c85') in 0.204512 seconds 
  Import took 0.208662 seconds .

========================================================================
Received Import Request.
  Time since last request: 0.000328 seconds.
  path: Assets/CreativeCore_Shaders/Materials/Completed Materials/LineUps/Smoothness 3.mat
  artifactKey: Guid(ab25153b875b0f342b5b48e28a0aadc4) Importer(815301076,1909f56bfc062723c751e8b465ee728b)
Start importing Assets/CreativeCore_Shaders/Materials/Completed Materials/LineUps/Smoothness 3.mat using Guid(ab25153b875b0f342b5b48e28a0aadc4) Importer(815301076,1909f56bfc062723c751e8b465ee728b)  -> (artifact id: 'a52aa905aa845f163dce131e67c51ee6') in 0.012795 seconds 
  Import took 0.017008 seconds .

========================================================================
Received Import Request.
  Time since last request: 0.000385 seconds.
  path: Packages/com.unity.searcher/Editor/Resources/FlatSkin/Font/Roboto-BlackItalic.ttf
  artifactKey: Guid(f95147a9bab9fe649b8070170fa7ebd2) Importer(815301076,1909f56bfc062723c751e8b465ee728b)
Start importing Packages/com.unity.searcher/Editor/Resources/FlatSkin/Font/Roboto-BlackItalic.ttf using Guid(f95147a9bab9fe649b8070170fa7ebd2) Importer(815301076,1909f56bfc062723c751e8b465ee728b)  -> (artifact id: 'ddc7a1065dfd918bae9c7058949d93c1') in 0.029367 seconds 
  Import took 0.033959 seconds .

========================================================================
Received Import Request.
  Time since last request: 0.000520 seconds.
  path: Assets/CreativeCore_Shaders/Materials/Completed Materials/LineUps/Specular 2.mat
  artifactKey: Guid(009aaefac0be195458ed5c8f3dfe2ac5) Importer(815301076,1909f56bfc062723c751e8b465ee728b)
Start importing Assets/CreativeCore_Shaders/Materials/Completed Materials/LineUps/Specular 2.mat using Guid(009aaefac0be195458ed5c8f3dfe2ac5) Importer(815301076,1909f56bfc062723c751e8b465ee728b)  -> (artifact id: 'df4d60b2ab4d313ddea99dff24683eaa') in 0.050786 seconds 
  Import took 0.056321 seconds .

========================================================================
Received Import Request.
  Time since last request: 0.000410 seconds.
  path: Assets/CreativeCore_Shaders/Materials/Characters/Ellen/Ellen_Body.mat
  artifactKey: Guid(46ba9be6c4545f148aeea969a1f0bc1b) Importer(815301076,1909f56bfc062723c751e8b465ee728b)
Start importing Assets/CreativeCore_Shaders/Materials/Characters/Ellen/Ellen_Body.mat using Guid(46ba9be6c4545f148aeea969a1f0bc1b) Importer(815301076,1909f56bfc062723c751e8b465ee728b)  -> (artifact id: 'e5d263154993f3817e9bccc951e39ef9') in 0.224633 seconds 
  Import took 0.230071 seconds .

========================================================================
Received Import Request.
  Time since last request: 0.000312 seconds.
  path: Packages/com.unity.render-pipelines.universal/Runtime/Materials/ParticlesUnlit.mat
  artifactKey: Guid(e823cd5b5d27c0f4b8256e7c12ee3e6d) Importer(815301076,1909f56bfc062723c751e8b465ee728b)
Start importing Packages/com.unity.render-pipelines.universal/Runtime/Materials/ParticlesUnlit.mat using Guid(e823cd5b5d27c0f4b8256e7c12ee3e6d) Importer(815301076,1909f56bfc062723c751e8b465ee728b)  -> (artifact id: 'a6d3bac30e0c3da08768836858914317') in 0.016977 seconds 
  Import took 0.021175 seconds .

========================================================================
Received Import Request.
  Time since last request: 0.000374 seconds.
  path: Assets/CreativeCore_Shaders/Materials/Completed Materials/LineUps/Metallic 3.mat
  artifactKey: Guid(53159a1b1c52d304cbf0e95ba867aa72) Importer(815301076,1909f56bfc062723c751e8b465ee728b)
Start importing Assets/CreativeCore_Shaders/Materials/Completed Materials/LineUps/Metallic 3.mat using Guid(53159a1b1c52d304cbf0e95ba867aa72) Importer(815301076,1909f56bfc062723c751e8b465ee728b)  -> (artifact id: '6f8a5d1606d52d0f4ec147e6f3cb067f') in 0.025878 seconds 
  Import took 0.030816 seconds .

========================================================================
Received Import Request.
  Time since last request: 0.000383 seconds.
  path: Packages/com.unity.searcher/Editor/Resources/FlatSkin/Font/Roboto-MediumItalic.ttf
  artifactKey: Guid(d93c1bc57fdf1ac4dad1bf04fac05464) Importer(815301076,1909f56bfc062723c751e8b465ee728b)
Start importing Packages/com.unity.searcher/Editor/Resources/FlatSkin/Font/Roboto-MediumItalic.ttf using Guid(d93c1bc57fdf1ac4dad1bf04fac05464) Importer(815301076,1909f56bfc062723c751e8b465ee728b)  -> (artifact id: '81cbb825cdfdd89519f6c082eb60c451') in 0.071398 seconds 
  Import took 0.076444 seconds .

========================================================================
Received Import Request.
  Time since last request: 0.000318 seconds.
  path: Assets/CreativeCore_Shaders/Materials/Completed Materials/Material 1.mat
  artifactKey: Guid(e393265ee823ae946b36b57845ab34db) Importer(815301076,1909f56bfc062723c751e8b465ee728b)
Start importing Assets/CreativeCore_Shaders/Materials/Completed Materials/Material 1.mat using Guid(e393265ee823ae946b36b57845ab34db) Importer(815301076,1909f56bfc062723c751e8b465ee728b)  -> (artifact id: '9c81cabb420296f0eb9ef6109f65957f') in 0.013173 seconds 
  Import took 0.018215 seconds .

========================================================================
Received Import Request.
  Time since last request: 0.000417 seconds.
  path: Assets/CreativeCore_Shaders/Materials/Completed Materials/Material 3.mat
  artifactKey: Guid(96245fdaf30d52c4085e236c3428cbdd) Importer(815301076,1909f56bfc062723c751e8b465ee728b)
Start importing Assets/CreativeCore_Shaders/Materials/Completed Materials/Material 3.mat using Guid(96245fdaf30d52c4085e236c3428cbdd) Importer(815301076,1909f56bfc062723c751e8b465ee728b)  -> (artifact id: 'a2a819b697b176b144a147993d88b068') in 0.242065 seconds 
  Import took 0.246338 seconds .

========================================================================
Received Import Request.
  Time since last request: 0.000302 seconds.
  path: Assets/CreativeCore_Shaders/Materials/Completed Materials/LineUps/Metallic 4.mat
  artifactKey: Guid(176a7f94bb4c41b41961a0c0f2fe419a) Importer(815301076,1909f56bfc062723c751e8b465ee728b)
Start importing Assets/CreativeCore_Shaders/Materials/Completed Materials/LineUps/Metallic 4.mat using Guid(176a7f94bb4c41b41961a0c0f2fe419a) Importer(815301076,1909f56bfc062723c751e8b465ee728b)  -> (artifact id: '0746ab7427a4e382293ca3b97d3c1b67') in 0.011000 seconds 
  Import took 0.015274 seconds .

========================================================================
Received Import Request.
  Time since last request: 0.000416 seconds.
  path: Packages/com.unity.searcher/Editor/Resources/FlatSkin/Font/Roboto-Bold.ttf
  artifactKey: Guid(3750c318f40cab44a97d3a81beaefeb3) Importer(815301076,1909f56bfc062723c751e8b465ee728b)
Start importing Packages/com.unity.searcher/Editor/Resources/FlatSkin/Font/Roboto-Bold.ttf using Guid(3750c318f40cab44a97d3a81beaefeb3) Importer(815301076,1909f56bfc062723c751e8b465ee728b)  -> (artifact id: '0555eee1a6dae1664330da9e68c50651') in 0.013289 seconds 
  Import took 0.018281 seconds .

========================================================================
Received Import Request.
  Time since last request: 0.000294 seconds.
  path: Packages/com.unity.render-pipelines.universal/Runtime/Materials/Sprite-Unlit-Default.mat
  artifactKey: Guid(9dfc825aed78fcd4ba02077103263b40) Importer(815301076,1909f56bfc062723c751e8b465ee728b)
Start importing Packages/com.unity.render-pipelines.universal/Runtime/Materials/Sprite-Unlit-Default.mat using Guid(9dfc825aed78fcd4ba02077103263b40) Importer(815301076,1909f56bfc062723c751e8b465ee728b)  -> (artifact id: '3dc837b22dad5c9afcddefa703e0bc63') in 0.039702 seconds 
  Import took 0.044737 seconds .

========================================================================
Received Import Request.
  Time since last request: 0.000402 seconds.
  path: Assets/CreativeCore_Shaders/Materials/Completed Materials/LineUps/Smoothness 2.mat
  artifactKey: Guid(f308c22581a21d74ebe7c88a14818d9d) Importer(815301076,1909f56bfc062723c751e8b465ee728b)
Start importing Assets/CreativeCore_Shaders/Materials/Completed Materials/LineUps/Smoothness 2.mat using Guid(f308c22581a21d74ebe7c88a14818d9d) Importer(815301076,1909f56bfc062723c751e8b465ee728b)  -> (artifact id: 'b649ecd5630bd990b1b21ce3ed3f1665') in 0.011530 seconds 
  Import took 0.016478 seconds .

========================================================================
Received Import Request.
  Time since last request: 0.000523 seconds.
  path: Packages/com.unity.searcher/Editor/Resources/FlatSkin/Font/Roboto-Italic.ttf
  artifactKey: Guid(c839255fc8f6b4b4d90bf8c1af9f9bd1) Importer(815301076,1909f56bfc062723c751e8b465ee728b)
Start importing Packages/com.unity.searcher/Editor/Resources/FlatSkin/Font/Roboto-Italic.ttf using Guid(c839255fc8f6b4b4d90bf8c1af9f9bd1) Importer(815301076,1909f56bfc062723c751e8b465ee728b)  -> (artifact id: '714915796405489b4b46d719b882b77d') in 0.012517 seconds 
  Import took 0.017925 seconds .

========================================================================
Received Import Request.
  Time since last request: 0.000406 seconds.
  path: Packages/com.unity.render-pipelines.universal/Runtime/Materials/SimpleLit.mat
  artifactKey: Guid(6a1143ee683302f4aa628c052723efc1) Importer(815301076,1909f56bfc062723c751e8b465ee728b)
Start importing Packages/com.unity.render-pipelines.universal/Runtime/Materials/SimpleLit.mat using Guid(6a1143ee683302f4aa628c052723efc1) Importer(815301076,1909f56bfc062723c751e8b465ee728b)  -> (artifact id: '4193ea014fb52272aa79e827f0b902d4') in 0.204844 seconds 
  Import took 0.209826 seconds .

========================================================================
Received Import Request.
  Time since last request: 0.000355 seconds.
  path: Packages/com.unity.searcher/Editor/Resources/FlatSkin/Font/Roboto-ThinItalic.ttf
  artifactKey: Guid(b2ea3b3f1765e544b9eb5bd1a93a91ce) Importer(815301076,1909f56bfc062723c751e8b465ee728b)
Start importing Packages/com.unity.searcher/Editor/Resources/FlatSkin/Font/Roboto-ThinItalic.ttf using Guid(b2ea3b3f1765e544b9eb5bd1a93a91ce) Importer(815301076,1909f56bfc062723c751e8b465ee728b)  -> (artifact id: 'ef2dad4445f4d663feb289b2508c93eb') in 0.011694 seconds 
  Import took 0.016132 seconds .

========================================================================
Received Import Request.
  Time since last request: 0.000412 seconds.
  path: Assets/CreativeCore_Shaders/Materials/Completed Materials/LineUps/Specular 1.mat
  artifactKey: Guid(24c12b8c47eaea34593efe14d8c7647b) Importer(815301076,1909f56bfc062723c751e8b465ee728b)
Start importing Assets/CreativeCore_Shaders/Materials/Completed Materials/LineUps/Specular 1.mat using Guid(24c12b8c47eaea34593efe14d8c7647b) Importer(815301076,1909f56bfc062723c751e8b465ee728b)  -> (artifact id: '9bbf508e1e994c9b72b67fab506b46f2') in 0.015307 seconds 
  Import took 0.020271 seconds .

========================================================================
Received Import Request.
  Time since last request: 0.000316 seconds.
  path: Assets/CreativeCore_Shaders/Materials/Completed Materials/LineUps/Specular 3.mat
  artifactKey: Guid(bbcbc8befca695a459d162e6dd288e1f) Importer(815301076,1909f56bfc062723c751e8b465ee728b)
Start importing Assets/CreativeCore_Shaders/Materials/Completed Materials/LineUps/Specular 3.mat using Guid(bbcbc8befca695a459d162e6dd288e1f) Importer(815301076,1909f56bfc062723c751e8b465ee728b)  -> (artifact id: '0d516fc55c6d198d9c7873ed8ee8d149') in 0.011862 seconds 
  Import took 0.016357 seconds .

========================================================================
Received Import Request.
  Time since last request: 0.000348 seconds.
  path: Packages/com.unity.searcher/Editor/Resources/FlatSkin/Font/Roboto-Black.ttf
  artifactKey: Guid(1062c701058745940ae5dca6219c64c8) Importer(815301076,1909f56bfc062723c751e8b465ee728b)
Start importing Packages/com.unity.searcher/Editor/Resources/FlatSkin/Font/Roboto-Black.ttf using Guid(1062c701058745940ae5dca6219c64c8) Importer(815301076,1909f56bfc062723c751e8b465ee728b)  -> (artifact id: 'da8cbc8e98e1722ba83daca9abce99c1') in 0.013700 seconds 
  Import took 0.018032 seconds .

========================================================================
Received Import Request.
  Time since last request: 0.000388 seconds.
  path: Assets/CreativeCore_Shaders/Materials/Completed Materials/LineUps/Smoothness 1.mat
  artifactKey: Guid(81117c5445a3c3a469396048618b95bb) Importer(815301076,1909f56bfc062723c751e8b465ee728b)
Start importing Assets/CreativeCore_Shaders/Materials/Completed Materials/LineUps/Smoothness 1.mat using Guid(81117c5445a3c3a469396048618b95bb) Importer(815301076,1909f56bfc062723c751e8b465ee728b)  -> (artifact id: '110154f17f75469080b611ff82548847') in 0.013261 seconds 
  Import took 0.017586 seconds .

========================================================================
Received Import Request.
  Time since last request: 0.000325 seconds.
  path: Assets/CreativeCore_Shaders/Materials/Completed Materials/LineUps/Metallic 2.mat
  artifactKey: Guid(c11f086434769d54aaebdde0959d1b5f) Importer(815301076,1909f56bfc062723c751e8b465ee728b)
Start importing Assets/CreativeCore_Shaders/Materials/Completed Materials/LineUps/Metallic 2.mat using Guid(c11f086434769d54aaebdde0959d1b5f) Importer(815301076,1909f56bfc062723c751e8b465ee728b)  -> (artifact id: '9e371633392bf1349fb461c8dcc2f658') in 0.010791 seconds 
  Import took 0.015006 seconds .

========================================================================
Received Import Request.
  Time since last request: 0.000330 seconds.
  path: Assets/CreativeCore_Shaders/Materials/Characters/Ellen/Ellen_Eyelash.mat
  artifactKey: Guid(85fa26bd9b929a9498a495462f3b4c8a) Importer(815301076,1909f56bfc062723c751e8b465ee728b)
Start importing Assets/CreativeCore_Shaders/Materials/Characters/Ellen/Ellen_Eyelash.mat using Guid(85fa26bd9b929a9498a495462f3b4c8a) Importer(815301076,1909f56bfc062723c751e8b465ee728b)  -> (artifact id: 'e0ad33d64caee7f9625d19f77ab4347c') in 0.011252 seconds 
  Import took 0.015719 seconds .

========================================================================
Received Import Request.
  Time since last request: 0.000288 seconds.
  path: Packages/com.unity.searcher/Editor/Resources/FlatSkin/Font/Roboto-Regular.ttf
  artifactKey: Guid(30dc370b164eefc43b95744fc796dad0) Importer(815301076,1909f56bfc062723c751e8b465ee728b)
Start importing Packages/com.unity.searcher/Editor/Resources/FlatSkin/Font/Roboto-Regular.ttf using Guid(30dc370b164eefc43b95744fc796dad0) Importer(815301076,1909f56bfc062723c751e8b465ee728b)  -> (artifact id: 'fe80f27e5dc98c3ff6d76c9297f0650c') in 0.013103 seconds 
  Import took 0.017468 seconds .

========================================================================
Received Import Request.
  Time since last request: 0.000314 seconds.
  path: Assets/CreativeCore_Shaders/Materials/Characters/Ellen/Ellen_Head.mat
  artifactKey: Guid(9ccf8b1016d42a84b953222267c693d9) Importer(815301076,1909f56bfc062723c751e8b465ee728b)
Start importing Assets/CreativeCore_Shaders/Materials/Characters/Ellen/Ellen_Head.mat using Guid(9ccf8b1016d42a84b953222267c693d9) Importer(815301076,1909f56bfc062723c751e8b465ee728b)  -> (artifact id: '03bdb2d1bf270b267498e68b6b13c437') in 0.273817 seconds 
  Import took 0.278489 seconds .

========================================================================
Received Import Request.
  Time since last request: 0.000344 seconds.
  path: Assets/CreativeCore_Shaders/Materials/Completed Materials/LineUps/Metallic 5.mat
  artifactKey: Guid(90bd851e4922dd049bb3acbc6db84733) Importer(815301076,1909f56bfc062723c751e8b465ee728b)
Start importing Assets/CreativeCore_Shaders/Materials/Completed Materials/LineUps/Metallic 5.mat using Guid(90bd851e4922dd049bb3acbc6db84733) Importer(815301076,1909f56bfc062723c751e8b465ee728b)  -> (artifact id: '86fb683e04ddda1c65f7fda77e5ed7cc') in 0.013689 seconds 
  Import took 0.018087 seconds .

========================================================================
Received Import Request.
  Time since last request: 0.000397 seconds.
  path: Assets/CreativeCore_Shaders/Materials/Completed Materials/LineUps/Smoothness 5.mat
  artifactKey: Guid(45ae12097fa60734ca4af7158c798897) Importer(815301076,1909f56bfc062723c751e8b465ee728b)
Start importing Assets/CreativeCore_Shaders/Materials/Completed Materials/LineUps/Smoothness 5.mat using Guid(45ae12097fa60734ca4af7158c798897) Importer(815301076,1909f56bfc062723c751e8b465ee728b)  -> (artifact id: 'bb94f4772daf669184802ba6008707d7') in 0.013771 seconds 
  Import took 0.018666 seconds .

========================================================================
Received Import Request.
  Time since last request: 0.000376 seconds.
  path: Assets/CreativeCore_Shaders/Materials/Completed Materials/LineUps/Smoothness 4.mat
  artifactKey: Guid(a2c171646b4de4e49913f25ff53acf6f) Importer(815301076,1909f56bfc062723c751e8b465ee728b)
Start importing Assets/CreativeCore_Shaders/Materials/Completed Materials/LineUps/Smoothness 4.mat using Guid(a2c171646b4de4e49913f25ff53acf6f) Importer(815301076,1909f56bfc062723c751e8b465ee728b)  -> (artifact id: '62b8c2a9ec7ca2d9832dadb7fb0fe4e3') in 0.011839 seconds 
  Import took 0.016764 seconds .

========================================================================
Received Import Request.
  Time since last request: 0.000369 seconds.
  path: Packages/com.unity.render-pipelines.universal/Runtime/Materials/Sprite-Lit-Default.mat
  artifactKey: Guid(a97c105638bdf8b4a8650670310a4cd3) Importer(815301076,1909f56bfc062723c751e8b465ee728b)
Start importing Packages/com.unity.render-pipelines.universal/Runtime/Materials/Sprite-Lit-Default.mat using Guid(a97c105638bdf8b4a8650670310a4cd3) Importer(815301076,1909f56bfc062723c751e8b465ee728b)  -> (artifact id: 'cbf71d48645b4137c3fdde14caf1f63f') in 0.013521 seconds 
  Import took 0.017726 seconds .

========================================================================
Received Import Request.
  Time since last request: 0.000306 seconds.
  path: Packages/com.unity.render-pipelines.universal/Runtime/Materials/Lit.mat
  artifactKey: Guid(31321ba15b8f8eb4c954353edc038b1d) Importer(815301076,1909f56bfc062723c751e8b465ee728b)
Start importing Packages/com.unity.render-pipelines.universal/Runtime/Materials/Lit.mat using Guid(31321ba15b8f8eb4c954353edc038b1d) Importer(815301076,1909f56bfc062723c751e8b465ee728b)  -> (artifact id: '97a46e45ab72210011683b98bb693f19') in 0.014672 seconds 
  Import took 0.018776 seconds .

========================================================================
Received Import Request.
  Time since last request: 0.000479 seconds.
  path: Packages/com.unity.render-pipelines.universal/Runtime/Materials/TerrainLit.mat
  artifactKey: Guid(594ea882c5a793440b60ff72d896021e) Importer(815301076,1909f56bfc062723c751e8b465ee728b)
Start importing Packages/com.unity.render-pipelines.universal/Runtime/Materials/TerrainLit.mat using Guid(594ea882c5a793440b60ff72d896021e) Importer(815301076,1909f56bfc062723c751e8b465ee728b)  -> (artifact id: 'db9aec0391899b041fa150a21f0d5646') in 0.282920 seconds 
  Import took 0.287306 seconds .

========================================================================
Received Import Request.
  Time since last request: 0.000315 seconds.
  path: Assets/CreativeCore_Shaders/Materials/Completed Materials/Material 2.mat
  artifactKey: Guid(37382fb37cad01d42a0aaae7c47036bc) Importer(815301076,1909f56bfc062723c751e8b465ee728b)
Start importing Assets/CreativeCore_Shaders/Materials/Completed Materials/Material 2.mat using Guid(37382fb37cad01d42a0aaae7c47036bc) Importer(815301076,1909f56bfc062723c751e8b465ee728b)  -> (artifact id: 'e0bc6e471347934ad27b24de5c5b0cee') in 0.011297 seconds 
  Import took 0.016176 seconds .

========================================================================
Received Import Request.
  Time since last request: 0.000349 seconds.
  path: Packages/com.unity.searcher/Editor/Resources/FlatSkin/Font/Roboto-Medium.ttf
  artifactKey: Guid(a51a3aebb43ac044989270407476b208) Importer(815301076,1909f56bfc062723c751e8b465ee728b)
Start importing Packages/com.unity.searcher/Editor/Resources/FlatSkin/Font/Roboto-Medium.ttf using Guid(a51a3aebb43ac044989270407476b208) Importer(815301076,1909f56bfc062723c751e8b465ee728b)  -> (artifact id: '902242e115a183ce41f871a740ac435e') in 0.013022 seconds 
  Import took 0.017974 seconds .

========================================================================
Received Import Request.
  Time since last request: 0.000427 seconds.
  path: Packages/com.unity.render-pipelines.core/Runtime/Debugging/Prefabs/Fonts/Perfect DOS VGA 437.ttf
  artifactKey: Guid(74a5091d8707f334b9a5c31ef71a64ba) Importer(815301076,1909f56bfc062723c751e8b465ee728b)
Start importing Packages/com.unity.render-pipelines.core/Runtime/Debugging/Prefabs/Fonts/Perfect DOS VGA 437.ttf using Guid(74a5091d8707f334b9a5c31ef71a64ba) Importer(815301076,1909f56bfc062723c751e8b465ee728b)  -> (artifact id: 'ca91db08ed2b2ee29570b7404c3ed2ba') in 0.012630 seconds 
  Import took 0.016823 seconds .

========================================================================
Received Import Request.
  Time since last request: 0.000302 seconds.
  path: Packages/com.unity.searcher/Editor/Resources/FlatSkin/Font/Roboto-BoldItalic.ttf
  artifactKey: Guid(dfb97a9307a577a41bcacba34b9a7e32) Importer(815301076,1909f56bfc062723c751e8b465ee728b)
Start importing Packages/com.unity.searcher/Editor/Resources/FlatSkin/Font/Roboto-BoldItalic.ttf using Guid(dfb97a9307a577a41bcacba34b9a7e32) Importer(815301076,1909f56bfc062723c751e8b465ee728b)  -> (artifact id: '9a19c6483342045242b4acd4e1199bfe') in 0.013078 seconds 
  Import took 0.017653 seconds .

========================================================================
Received Import Request.
  Time since last request: 0.000387 seconds.
  path: Packages/com.unity.searcher/Editor/Resources/FlatSkin/Font/Roboto-Light.ttf
  artifactKey: Guid(2a29e27936eb547458f646f71125b264) Importer(815301076,1909f56bfc062723c751e8b465ee728b)
Start importing Packages/com.unity.searcher/Editor/Resources/FlatSkin/Font/Roboto-Light.ttf using Guid(2a29e27936eb547458f646f71125b264) Importer(815301076,1909f56bfc062723c751e8b465ee728b)  -> (artifact id: 'a763c6bf2cea5b90d6a812dc1ee5d082') in 0.012330 seconds 
  Import took 0.017538 seconds .

========================================================================
Received Import Request.
  Time since last request: 0.000605 seconds.
  path: Packages/com.unity.searcher/Editor/Resources/FlatSkin/Font/Roboto-LightItalic.ttf
  artifactKey: Guid(5e63515167650a541b309ba3bfd4db3d) Importer(815301076,1909f56bfc062723c751e8b465ee728b)
Start importing Packages/com.unity.searcher/Editor/Resources/FlatSkin/Font/Roboto-LightItalic.ttf using Guid(5e63515167650a541b309ba3bfd4db3d) Importer(815301076,1909f56bfc062723c751e8b465ee728b)  -> (artifact id: 'e42701aa2754ddcfdfde0474c14b7657') in 0.013040 seconds 
  Import took 0.017872 seconds .

========================================================================
Received Import Request.
  Time since last request: 67.143932 seconds.
  path: Assets/CreativeCore_Shaders/Prefabs/Apple.prefab
  artifactKey: Guid(287875a8b65a3c447a4656a2e48b002a) Importer(815301076,1909f56bfc062723c751e8b465ee728b)
Start importing Assets/CreativeCore_Shaders/Prefabs/Apple.prefab using Guid(287875a8b65a3c447a4656a2e48b002a) Importer(815301076,1909f56bfc062723c751e8b465ee728b)  -> (artifact id: '7ab5bb7c4f35e91224ab0a237bd8d3db') in 0.017958 seconds 
  Import took 0.023534 seconds .

========================================================================
Received Import Request.
  Time since last request: 0.000331 seconds.
  path: Assets/CreativeCore_Shaders/Prefabs/PlantInGlass.prefab
  artifactKey: Guid(8a5ceb21db0feab4db06b1ebf6f3e944) Importer(815301076,1909f56bfc062723c751e8b465ee728b)
Start importing Assets/CreativeCore_Shaders/Prefabs/PlantInGlass.prefab using Guid(8a5ceb21db0feab4db06b1ebf6f3e944) Importer(815301076,1909f56bfc062723c751e8b465ee728b)  -> (artifact id: '9009189fd46fd8ab3fbe915e3c140866') in 0.018148 seconds 
  Import took 0.022806 seconds .

========================================================================
Received Import Request.
  Time since last request: 0.000313 seconds.
  path: Assets/CreativeCore_Shaders/Prefabs/Mug.prefab
  artifactKey: Guid(1b5b20af9f996884198cd27b26564fbc) Importer(815301076,1909f56bfc062723c751e8b465ee728b)
Start importing Assets/CreativeCore_Shaders/Prefabs/Mug.prefab using Guid(1b5b20af9f996884198cd27b26564fbc) Importer(815301076,1909f56bfc062723c751e8b465ee728b)  -> (artifact id: '39aacb99aae6b39c14e9d743339f75cd') in 0.073319 seconds 
  Import took 0.078429 seconds .

========================================================================
Received Import Request.
  Time since last request: 0.000313 seconds.
  path: Assets/CreativeCore_Shaders/Prefabs/Lemon.prefab
  artifactKey: Guid(38bed178636525a4b9bf1fb084ea1db1) Importer(815301076,1909f56bfc062723c751e8b465ee728b)
Start importing Assets/CreativeCore_Shaders/Prefabs/Lemon.prefab using Guid(38bed178636525a4b9bf1fb084ea1db1) Importer(815301076,1909f56bfc062723c751e8b465ee728b)  -> (artifact id: 'f22b6069bc1ccb8c59287e2617093124') in 0.015793 seconds 
  Import took 0.019933 seconds .

========================================================================
Received Import Request.
  Time since last request: 0.000376 seconds.
  path: Assets/CreativeCore_Shaders/Prefabs/Pear.prefab
  artifactKey: Guid(93b597e131263ce4bbf1bc838e2f741a) Importer(815301076,1909f56bfc062723c751e8b465ee728b)
Start importing Assets/CreativeCore_Shaders/Prefabs/Pear.prefab using Guid(93b597e131263ce4bbf1bc838e2f741a) Importer(815301076,1909f56bfc062723c751e8b465ee728b)  -> (artifact id: '94f023132fd5185a25746f9f3ca026b6') in 0.044341 seconds 
  Import took 0.048469 seconds .

========================================================================
Received Import Request.
  Time since last request: 0.000345 seconds.
  path: Assets/CreativeCore_Shaders/Prefabs/GalleryInterior_Shaders.prefab
  artifactKey: Guid(2fd722b6d3b206f4aa1354bc237fa128) Importer(815301076,1909f56bfc062723c751e8b465ee728b)
Start importing Assets/CreativeCore_Shaders/Prefabs/GalleryInterior_Shaders.prefab using Guid(2fd722b6d3b206f4aa1354bc237fa128) Importer(815301076,1909f56bfc062723c751e8b465ee728b)  -> (artifact id: '63ff2a8d4e97efc100777def91130026') in 0.046324 seconds 
  Import took 0.051542 seconds .

========================================================================
Received Import Request.
  Time since last request: 0.000423 seconds.
  path: Assets/CreativeCore_Shaders/Prefabs/Ellen.prefab
  artifactKey: Guid(3080257bed1a14842a6cf8ef8a78970f) Importer(815301076,1909f56bfc062723c751e8b465ee728b)
Start importing Assets/CreativeCore_Shaders/Prefabs/Ellen.prefab using Guid(3080257bed1a14842a6cf8ef8a78970f) Importer(815301076,1909f56bfc062723c751e8b465ee728b)  -> (artifact id: '5684a7e15bd7252f4f81719fdbb47e32') in 0.058765 seconds 
  Import took 0.065411 seconds .

========================================================================
Received Import Request.
  Time since last request: 0.000299 seconds.
  path: Assets/CreativeCore_Shaders/Prefabs/Banana.prefab
  artifactKey: Guid(f13476bfaf8b4f541be058dcb0ef5828) Importer(815301076,1909f56bfc062723c751e8b465ee728b)
Start importing Assets/CreativeCore_Shaders/Prefabs/Banana.prefab using Guid(f13476bfaf8b4f541be058dcb0ef5828) Importer(815301076,1909f56bfc062723c751e8b465ee728b)  -> (artifact id: 'b894c02283d45d3b0ee09da11bf512e3') in 0.011831 seconds 
  Import took 0.016879 seconds .

========================================================================
Received Import Request.
  Time since last request: 0.000443 seconds.
  path: Assets/CreativeCore_Shaders/Prefabs/Kettle.prefab
  artifactKey: Guid(34dcc236291c26242b49207a500bf624) Importer(815301076,1909f56bfc062723c751e8b465ee728b)
Start importing Assets/CreativeCore_Shaders/Prefabs/Kettle.prefab using Guid(34dcc236291c26242b49207a500bf624) Importer(815301076,1909f56bfc062723c751e8b465ee728b)  -> (artifact id: 'e90ed8f62f607bd74447a6286807d097') in 0.015250 seconds 
  Import took 0.020433 seconds .

========================================================================
Received Import Request.
  Time since last request: 0.000418 seconds.
  path: Assets/CreativeCore_Shaders/Prefabs/Lime.prefab
  artifactKey: Guid(74ad1f18a0a2a994a91ac2b1c1a39673) Importer(815301076,1909f56bfc062723c751e8b465ee728b)
Start importing Assets/CreativeCore_Shaders/Prefabs/Lime.prefab using Guid(74ad1f18a0a2a994a91ac2b1c1a39673) Importer(815301076,1909f56bfc062723c751e8b465ee728b)  -> (artifact id: 'ca64122aefd5f6c278611dfb10551c05') in 0.011860 seconds 
  Import took 0.016875 seconds .

========================================================================
Received Import Request.
  Time since last request: 448.748730 seconds.
  path: Assets/CreativeCore_Shaders/Materials/AppleRed.mat
  artifactKey: Guid(dfdbbf9f1ad2ce847885e3477d503408) Importer(815301076,1909f56bfc062723c751e8b465ee728b)
Start importing Assets/CreativeCore_Shaders/Materials/AppleRed.mat using Guid(dfdbbf9f1ad2ce847885e3477d503408) Importer(815301076,1909f56bfc062723c751e8b465ee728b)  -> (artifact id: '1c49ccadbcf236c06aa93312906f026b') in 0.014330 seconds 
  Import took 0.019850 seconds .

========================================================================
Received Import Request.
  Time since last request: 0.000320 seconds.
  path: Assets/CreativeCore_Shaders/Materials/LemonYellow.mat
  artifactKey: Guid(faaa6adeb4769c84fae1bbb81ae7775d) Importer(815301076,1909f56bfc062723c751e8b465ee728b)
Start importing Assets/CreativeCore_Shaders/Materials/LemonYellow.mat using Guid(faaa6adeb4769c84fae1bbb81ae7775d) Importer(815301076,1909f56bfc062723c751e8b465ee728b)  -> (artifact id: 'a1b3a69bf9402d136528e0181e3edfac') in 0.013384 seconds 
  Import took 0.018365 seconds .

========================================================================
Received Import Request.
  Time since last request: 260.217575 seconds.
  path: Assets/CreativeCore_Shaders/Textures/Tiled Textures
  artifactKey: Guid(cbb913b2a0d25c7409478381e716f763) Importer(815301076,1909f56bfc062723c751e8b465ee728b)
Start importing Assets/CreativeCore_Shaders/Textures/Tiled Textures using Guid(cbb913b2a0d25c7409478381e716f763) Importer(815301076,1909f56bfc062723c751e8b465ee728b)  -> (artifact id: 'd907e52903722da006e54c2193a6da24') in 0.009783 seconds 
  Import took 0.014406 seconds .

========================================================================
Received Import Request.
  Time since last request: 0.049066 seconds.
  path: Assets/CreativeCore_Shaders/Textures/Tiled Textures/ChainFence_Albedo.png
  artifactKey: Guid(9832326b7d483914d84dd90ce5eaee6c) Importer(815301076,1909f56bfc062723c751e8b465ee728b)
Start importing Assets/CreativeCore_Shaders/Textures/Tiled Textures/ChainFence_Albedo.png using Guid(9832326b7d483914d84dd90ce5eaee6c) Importer(815301076,1909f56bfc062723c751e8b465ee728b)  -> (artifact id: '9817afe180c62cf75b5377ecf856e214') in 0.027834 seconds 
  Import took 0.032746 seconds .

========================================================================
Received Import Request.
  Time since last request: 0.000325 seconds.
  path: Assets/CreativeCore_Shaders/Textures/Tiled Textures/Metal_MetallicSmoothness.tif
  artifactKey: Guid(5f4305cce6302fc42abf0377a572faf7) Importer(815301076,1909f56bfc062723c751e8b465ee728b)
Start importing Assets/CreativeCore_Shaders/Textures/Tiled Textures/Metal_MetallicSmoothness.tif using Guid(5f4305cce6302fc42abf0377a572faf7) Importer(815301076,1909f56bfc062723c751e8b465ee728b)  -> (artifact id: 'eacf750e608ac79f492195954c983656') in 0.018370 seconds 
  Import took 0.022829 seconds .

========================================================================
Received Import Request.
  Time since last request: 0.000287 seconds.
  path: Assets/CreativeCore_Shaders/Textures/Tiled Textures/Concrete_MetallicSmooth.png
  artifactKey: Guid(0f83285a8980ac345a263af0332a3ace) Importer(815301076,1909f56bfc062723c751e8b465ee728b)
Start importing Assets/CreativeCore_Shaders/Textures/Tiled Textures/Concrete_MetallicSmooth.png using Guid(0f83285a8980ac345a263af0332a3ace) Importer(815301076,1909f56bfc062723c751e8b465ee728b)  -> (artifact id: 'fa8f4d2b6cecfe6d75d3170575767c29') in 0.034424 seconds 
  Import took 0.039539 seconds .

========================================================================
Received Import Request.
  Time since last request: 0.000293 seconds.
  path: Assets/CreativeCore_Shaders/Textures/Tiled Textures/Plastic_Albedo.tif
  artifactKey: Guid(c0f1bf3c549bd4f4eb7b82200bd7980e) Importer(815301076,1909f56bfc062723c751e8b465ee728b)
Start importing Assets/CreativeCore_Shaders/Textures/Tiled Textures/Plastic_Albedo.tif using Guid(c0f1bf3c549bd4f4eb7b82200bd7980e) Importer(815301076,1909f56bfc062723c751e8b465ee728b)  -> (artifact id: 'e67c5938487cde39ee0cf8f1ea893a2a') in 0.048143 seconds 
  Import took 0.052442 seconds .

========================================================================
Received Import Request.
  Time since last request: 0.000268 seconds.
  path: Assets/CreativeCore_Shaders/Textures/Tiled Textures/Metal_Albedo.tif
  artifactKey: Guid(a843d95529591d5469af7a29a3d8638b) Importer(815301076,1909f56bfc062723c751e8b465ee728b)
Start importing Assets/CreativeCore_Shaders/Textures/Tiled Textures/Metal_Albedo.tif using Guid(a843d95529591d5469af7a29a3d8638b) Importer(815301076,1909f56bfc062723c751e8b465ee728b)  -> (artifact id: '42b51451e3b4094397f9ed2af36767f4') in 0.011066 seconds 
  Import took 0.015163 seconds .

========================================================================
Received Import Request.
  Time since last request: 0.000315 seconds.
  path: Assets/CreativeCore_Shaders/Textures/Tiled Textures/Plastic_Normal.tif
  artifactKey: Guid(2dfa979e7be42b245a0cd27f30030ae3) Importer(815301076,1909f56bfc062723c751e8b465ee728b)
Start importing Assets/CreativeCore_Shaders/Textures/Tiled Textures/Plastic_Normal.tif using Guid(2dfa979e7be42b245a0cd27f30030ae3) Importer(815301076,1909f56bfc062723c751e8b465ee728b)  -> (artifact id: '95bc5d5710c173270cd68d77e25a95ec') in 0.021070 seconds 
  Import took 0.025447 seconds .

========================================================================
Received Import Request.
  Time since last request: 0.000309 seconds.
  path: Assets/CreativeCore_Shaders/Textures/Tiled Textures/Concrete_1_Normal.png
  artifactKey: Guid(cc8eb6535e1e6c64e9f52a3e04ad6012) Importer(815301076,1909f56bfc062723c751e8b465ee728b)
Start importing Assets/CreativeCore_Shaders/Textures/Tiled Textures/Concrete_1_Normal.png using Guid(cc8eb6535e1e6c64e9f52a3e04ad6012) Importer(815301076,1909f56bfc062723c751e8b465ee728b)  -> (artifact id: 'ec30be60a447090736bcb2766c7a9b25') in 0.017915 seconds 
  Import took 0.022866 seconds .

========================================================================
Received Import Request.
  Time since last request: 0.000315 seconds.
  path: Assets/CreativeCore_Shaders/Textures/Tiled Textures/Concrete_1_Albedo.png
  artifactKey: Guid(129174afa8c13cf449b1876c9d618461) Importer(815301076,1909f56bfc062723c751e8b465ee728b)
Start importing Assets/CreativeCore_Shaders/Textures/Tiled Textures/Concrete_1_Albedo.png using Guid(129174afa8c13cf449b1876c9d618461) Importer(815301076,1909f56bfc062723c751e8b465ee728b)  -> (artifact id: '4b7da5872fb294d43799d2245aa1cb08') in 0.023872 seconds 
  Import took 0.028361 seconds .

========================================================================
Received Import Request.
  Time since last request: 0.000313 seconds.
  path: Assets/CreativeCore_Shaders/Textures/Tiled Textures/Pavement_SmallMoss_normal.png
  artifactKey: Guid(063e8fa0f1389084fa751077cef96471) Importer(815301076,1909f56bfc062723c751e8b465ee728b)
Start importing Assets/CreativeCore_Shaders/Textures/Tiled Textures/Pavement_SmallMoss_normal.png using Guid(063e8fa0f1389084fa751077cef96471) Importer(815301076,1909f56bfc062723c751e8b465ee728b)  -> (artifact id: '030ab0bd8902890ad3e461d81d6ec43a') in 0.047465 seconds 
  Import took 0.051737 seconds .

========================================================================
Received Import Request.
  Time since last request: 0.000275 seconds.
  path: Assets/CreativeCore_Shaders/Textures/Tiled Textures/Concrete_2_Dry_Normal.png
  artifactKey: Guid(fc03ebd24aece2244b6603f23d00532e) Importer(815301076,1909f56bfc062723c751e8b465ee728b)
Start importing Assets/CreativeCore_Shaders/Textures/Tiled Textures/Concrete_2_Dry_Normal.png using Guid(fc03ebd24aece2244b6603f23d00532e) Importer(815301076,1909f56bfc062723c751e8b465ee728b)  -> (artifact id: '940000356d97848f5f526c7b9bfcece9') in 0.017103 seconds 
  Import took 0.021241 seconds .

========================================================================
Received Import Request.
  Time since last request: 0.000464 seconds.
  path: Assets/CreativeCore_Shaders/Textures/Tiled Textures/Metal_Normal.tif
  artifactKey: Guid(8c7ecc22b013dda47a47b0d823adde5c) Importer(815301076,1909f56bfc062723c751e8b465ee728b)
Start importing Assets/CreativeCore_Shaders/Textures/Tiled Textures/Metal_Normal.tif using Guid(8c7ecc22b013dda47a47b0d823adde5c) Importer(815301076,1909f56bfc062723c751e8b465ee728b)  -> (artifact id: 'bec4add9fdc63e881ee154bbd62951fa') in 0.009747 seconds 
  Import took 0.014745 seconds .

========================================================================
Received Import Request.
  Time since last request: 0.000289 seconds.
  path: Assets/CreativeCore_Shaders/Textures/Tiled Textures/Pavement_SmallMoss_Albedo.png
  artifactKey: Guid(c89c0d4a4e446ed418d36894f2270033) Importer(815301076,1909f56bfc062723c751e8b465ee728b)
Start importing Assets/CreativeCore_Shaders/Textures/Tiled Textures/Pavement_SmallMoss_Albedo.png using Guid(c89c0d4a4e446ed418d36894f2270033) Importer(815301076,1909f56bfc062723c751e8b465ee728b)  -> (artifact id: '474b67e1abdbd89afebc7425dda1dc1c') in 0.013578 seconds 
  Import took 0.018176 seconds .

========================================================================
Received Import Request.
  Time since last request: 0.000319 seconds.
  path: Assets/CreativeCore_Shaders/Textures/Tiled Textures/Concrete_2_Dry_AmbientOcclusion.png
  artifactKey: Guid(9d0dc3504b64f7a47a8e098c603b02ab) Importer(815301076,1909f56bfc062723c751e8b465ee728b)
Start importing Assets/CreativeCore_Shaders/Textures/Tiled Textures/Concrete_2_Dry_AmbientOcclusion.png using Guid(9d0dc3504b64f7a47a8e098c603b02ab) Importer(815301076,1909f56bfc062723c751e8b465ee728b)  -> (artifact id: '5a5f0b01356bc591f7eec8d46b9f66dc') in 0.011085 seconds 
  Import took 0.016085 seconds .

========================================================================
Received Import Request.
  Time since last request: 0.000325 seconds.
  path: Assets/CreativeCore_Shaders/Textures/Tiled Textures/Concrete_1_AmbientOcclusion.png
  artifactKey: Guid(f4e26cd6347ae9e4998df2f389c62a2c) Importer(815301076,1909f56bfc062723c751e8b465ee728b)
Start importing Assets/CreativeCore_Shaders/Textures/Tiled Textures/Concrete_1_AmbientOcclusion.png using Guid(f4e26cd6347ae9e4998df2f389c62a2c) Importer(815301076,1909f56bfc062723c751e8b465ee728b)  -> (artifact id: '5828366bdcea1765bffd52c9de35ca54') in 0.010628 seconds 
  Import took 0.015364 seconds .

========================================================================
Received Import Request.
  Time since last request: 0.000401 seconds.
  path: Assets/CreativeCore_Shaders/Textures/Tiled Textures/Pavement_SmallMoss_height.png
  artifactKey: Guid(61272b8b0822ceb478e5de59ee72912b) Importer(815301076,1909f56bfc062723c751e8b465ee728b)
Start importing Assets/CreativeCore_Shaders/Textures/Tiled Textures/Pavement_SmallMoss_height.png using Guid(61272b8b0822ceb478e5de59ee72912b) Importer(815301076,1909f56bfc062723c751e8b465ee728b)  -> (artifact id: '2bd57d4cefb97e77f305dfde005f1460') in 0.010601 seconds 
  Import took 0.015626 seconds .

========================================================================
Received Import Request.
  Time since last request: 0.000386 seconds.
  path: Assets/CreativeCore_Shaders/Textures/Tiled Textures/Pavement_SmallMoss_metallic.png
  artifactKey: Guid(5a28c598eb0194f4a9bcdd99ce05a8bd) Importer(815301076,1909f56bfc062723c751e8b465ee728b)
Start importing Assets/CreativeCore_Shaders/Textures/Tiled Textures/Pavement_SmallMoss_metallic.png using Guid(5a28c598eb0194f4a9bcdd99ce05a8bd) Importer(815301076,1909f56bfc062723c751e8b465ee728b)  -> (artifact id: '4e881b409e7746b43cf66659ce3af779') in 0.008804 seconds 
  Import took 0.013231 seconds .

========================================================================
Received Import Request.
  Time since last request: 0.000404 seconds.
  path: Assets/CreativeCore_Shaders/Textures/Tiled Textures/Concrete_2_Dry_Albedo.png
  artifactKey: Guid(aef6b2baaa9a27942847749c9cf13b3a) Importer(815301076,1909f56bfc062723c751e8b465ee728b)
Start importing Assets/CreativeCore_Shaders/Textures/Tiled Textures/Concrete_2_Dry_Albedo.png using Guid(aef6b2baaa9a27942847749c9cf13b3a) Importer(815301076,1909f56bfc062723c751e8b465ee728b)  -> (artifact id: '37816d84f8c3d082ec475f25fb24e502') in 0.011039 seconds 
  Import took 0.015349 seconds .

========================================================================
Received Import Request.
  Time since last request: 0.000289 seconds.
  path: Assets/CreativeCore_Shaders/Textures/Tiled Textures/Pavement_SmallMoss_AO.png
  artifactKey: Guid(3fd610b7cab9c734fa13cbee5d82ce6d) Importer(815301076,1909f56bfc062723c751e8b465ee728b)
Start importing Assets/CreativeCore_Shaders/Textures/Tiled Textures/Pavement_SmallMoss_AO.png using Guid(3fd610b7cab9c734fa13cbee5d82ce6d) Importer(815301076,1909f56bfc062723c751e8b465ee728b)  -> (artifact id: 'ac465ca5bf7959fbb93f7503729c152e') in 0.010792 seconds 
  Import took 0.015653 seconds .

========================================================================
Received Import Request.
  Time since last request: 114.080668 seconds.
  path: Assets/CreativeCore_Shaders/Textures/Kettle/Kettle_A.png
  artifactKey: Guid(339238db88914134aa1b2f0ba04ecc76) Importer(815301076,1909f56bfc062723c751e8b465ee728b)
Start importing Assets/CreativeCore_Shaders/Textures/Kettle/Kettle_A.png using Guid(339238db88914134aa1b2f0ba04ecc76) Importer(815301076,1909f56bfc062723c751e8b465ee728b)  -> (artifact id: '8da4c44840beaec9a3f1b23a0b4abd17') in 0.015729 seconds 
  Import took 0.020893 seconds .

========================================================================
Received Import Request.
  Time since last request: 0.000307 seconds.
  path: Assets/CreativeCore_Shaders/Textures/Kettle/Kettle_D.png
  artifactKey: Guid(951d6a9de1eaf41459c7a7bbac398df6) Importer(815301076,1909f56bfc062723c751e8b465ee728b)
Start importing Assets/CreativeCore_Shaders/Textures/Kettle/Kettle_D.png using Guid(951d6a9de1eaf41459c7a7bbac398df6) Importer(815301076,1909f56bfc062723c751e8b465ee728b)  -> (artifact id: 'e9c0bbae321fabd9394ab81074148fbf') in 0.013090 seconds 
  Import took 0.017189 seconds .

========================================================================
Received Import Request.
  Time since last request: 0.000295 seconds.
  path: Assets/CreativeCore_Shaders/Textures/Kettle/Kettle_C.png
  artifactKey: Guid(197feec7ba9ca944c9b4d9faf527dc43) Importer(815301076,1909f56bfc062723c751e8b465ee728b)
Start importing Assets/CreativeCore_Shaders/Textures/Kettle/Kettle_C.png using Guid(197feec7ba9ca944c9b4d9faf527dc43) Importer(815301076,1909f56bfc062723c751e8b465ee728b)  -> (artifact id: 'b2120435614c763454c4557c26071647') in 0.026463 seconds 
  Import took 0.031245 seconds .

========================================================================
Received Import Request.
  Time since last request: 0.000305 seconds.
  path: Assets/CreativeCore_Shaders/Textures/Kettle/Kettle_Normal.png
  artifactKey: Guid(93c3c2bcf46445c4ea93b9ac41b94b59) Importer(815301076,1909f56bfc062723c751e8b465ee728b)
Start importing Assets/CreativeCore_Shaders/Textures/Kettle/Kettle_Normal.png using Guid(93c3c2bcf46445c4ea93b9ac41b94b59) Importer(815301076,1909f56bfc062723c751e8b465ee728b)  -> (artifact id: '7c675b4e5b9d730e176c639e4731dbe1') in 0.042591 seconds 
  Import took 0.046634 seconds .

========================================================================
Received Import Request.
  Time since last request: 0.000327 seconds.
  path: Assets/CreativeCore_Shaders/Textures/Kettle/Kettle_E.png
  artifactKey: Guid(516fa3886357e654683ead738a64b479) Importer(815301076,1909f56bfc062723c751e8b465ee728b)
Start importing Assets/CreativeCore_Shaders/Textures/Kettle/Kettle_E.png using Guid(516fa3886357e654683ead738a64b479) Importer(815301076,1909f56bfc062723c751e8b465ee728b)  -> (artifact id: '1436cd3d1f72fb267be1333b8ff846ed') in 0.031834 seconds 
  Import took 0.035852 seconds .

========================================================================
Received Import Request.
  Time since last request: 0.000281 seconds.
  path: Assets/CreativeCore_Shaders/Textures/Kettle/Kettle_B.png
  artifactKey: Guid(0f70e54f76aad674f979ad42ba324692) Importer(815301076,1909f56bfc062723c751e8b465ee728b)
Start importing Assets/CreativeCore_Shaders/Textures/Kettle/Kettle_B.png using Guid(0f70e54f76aad674f979ad42ba324692) Importer(815301076,1909f56bfc062723c751e8b465ee728b)  -> (artifact id: '4b7b9163972ac199dedfd8f440a8837b') in 0.031597 seconds 
  Import took 0.035758 seconds .

========================================================================
Received Import Request.
  Time since last request: 0.000413 seconds.
  path: Assets/CreativeCore_Shaders/Textures/Kettle/Kettle_F.png
  artifactKey: Guid(0acc24a6ecfbab24b9a3bb93ab1e36f8) Importer(815301076,1909f56bfc062723c751e8b465ee728b)
Start importing Assets/CreativeCore_Shaders/Textures/Kettle/Kettle_F.png using Guid(0acc24a6ecfbab24b9a3bb93ab1e36f8) Importer(815301076,1909f56bfc062723c751e8b465ee728b)  -> (artifact id: 'ed07a3dd67909349c6b63f0a064cb501') in 0.041997 seconds 
  Import took 0.046314 seconds .

========================================================================
Received Import Request.
  Time since last request: 0.000354 seconds.
  path: Assets/CreativeCore_Shaders/Textures/Kettle/Kettle_B.png
  artifactKey: Guid(0f70e54f76aad674f979ad42ba324692) Importer(815301076,1909f56bfc062723c751e8b465ee728b)
Start importing Assets/CreativeCore_Shaders/Textures/Kettle/Kettle_B.png using Guid(0f70e54f76aad674f979ad42ba324692) Importer(815301076,1909f56bfc062723c751e8b465ee728b)  -> (artifact id: '4b7b9163972ac199dedfd8f440a8837b') in 0.028526 seconds 
  Import took 0.034145 seconds .

========================================================================
Received Import Request.
  Time since last request: 205.551745 seconds.
  path: Assets/CreativeCore_Shaders/Materials/Standard/Green Solid.mat
  artifactKey: Guid(c90bf8c37a1bac1408e51ce82f4c7a7e) Importer(815301076,1909f56bfc062723c751e8b465ee728b)
Start importing Assets/CreativeCore_Shaders/Materials/Standard/Green Solid.mat using Guid(c90bf8c37a1bac1408e51ce82f4c7a7e) Importer(815301076,1909f56bfc062723c751e8b465ee728b)  -> (artifact id: 'd01b662d5b8940c5753878a200f241b9') in 0.018353 seconds 
  Import took 0.023550 seconds .

========================================================================
Received Import Request.
  Time since last request: 0.000368 seconds.
  path: Assets/CreativeCore_Shaders/Materials/Standard/Lemon.mat
  artifactKey: Guid(385b693634c3ed44494900a084afb3d7) Importer(815301076,1909f56bfc062723c751e8b465ee728b)
Start importing Assets/CreativeCore_Shaders/Materials/Standard/Lemon.mat using Guid(385b693634c3ed44494900a084afb3d7) Importer(815301076,1909f56bfc062723c751e8b465ee728b)  -> (artifact id: '5a48c97c2aef4d504613c42c0d5e5e1f') in 0.012395 seconds 
  Import took 0.016658 seconds .

========================================================================
Received Import Request.
  Time since last request: 0.000435 seconds.
  path: Assets/CreativeCore_Shaders/Materials/Standard/Orange-ish.mat
  artifactKey: Guid(81f96576aa28a414ab11054176576e2c) Importer(815301076,1909f56bfc062723c751e8b465ee728b)
Start importing Assets/CreativeCore_Shaders/Materials/Standard/Orange-ish.mat using Guid(81f96576aa28a414ab11054176576e2c) Importer(815301076,1909f56bfc062723c751e8b465ee728b)  -> (artifact id: '7d6fa26cd717de48f757db996c912fae') in 0.039553 seconds 
  Import took 0.044869 seconds .

========================================================================
Received Import Request.
  Time since last request: 54.998628 seconds.
  path: Assets/CreativeCore_Shaders/Materials
  artifactKey: Guid(d0234ba368eeec9418390da711bfdad0) Importer(815301076,1909f56bfc062723c751e8b465ee728b)
Start importing Assets/CreativeCore_Shaders/Materials using Guid(d0234ba368eeec9418390da711bfdad0) Importer(815301076,1909f56bfc062723c751e8b465ee728b)  -> (artifact id: 'fa67f7aafba014bdcc74449d8eba51d0') in 0.009767 seconds 
  Import took 0.014434 seconds .

========================================================================
Received Import Request.
  Time since last request: 0.001478 seconds.
  path: Assets/CreativeCore_Shaders/Materials
  artifactKey: Guid(d0234ba368eeec9418390da711bfdad0) Importer(815301076,1909f56bfc062723c751e8b465ee728b)
Start importing Assets/CreativeCore_Shaders/Materials using Guid(d0234ba368eeec9418390da711bfdad0) Importer(815301076,1909f56bfc062723c751e8b465ee728b)  -> (artifact id: 'fa67f7aafba014bdcc74449d8eba51d0') in 0.003839 seconds 
  Import took 0.007502 seconds .

========================================================================
Received Import Request.
  Time since last request: 11.235728 seconds.
  path: Assets/CreativeCore_Shaders/Materials/AppleRed 1.mat
  artifactKey: Guid(872137aa583f4a843964197fc84b218f) Importer(815301076,1909f56bfc062723c751e8b465ee728b)
Start importing Assets/CreativeCore_Shaders/Materials/AppleRed 1.mat using Guid(872137aa583f4a843964197fc84b218f) Importer(815301076,1909f56bfc062723c751e8b465ee728b)  -> (artifact id: '857556a4a79c726e5a9bcc4914acd046') in 0.025290 seconds 
  Import took 0.030396 seconds .

========================================================================
Received Import Request.
  Time since last request: 0.000300 seconds.
  path: Assets/CreativeCore_Shaders/Materials/kettle.mat
  artifactKey: Guid(2cb1c6d01b441284693460e400645636) Importer(815301076,1909f56bfc062723c751e8b465ee728b)
Start importing Assets/CreativeCore_Shaders/Materials/kettle.mat using Guid(2cb1c6d01b441284693460e400645636) Importer(815301076,1909f56bfc062723c751e8b465ee728b)  -> (artifact id: 'a1222072902caccc51fd1a20c69eb8a0') in 0.052406 seconds 
  Import took 0.056577 seconds .

========================================================================
Received Import Request.
  Time since last request: 138.090331 seconds.
  path: Assets/CreativeCore_Shaders/Textures/Kettle/Materials
  artifactKey: Guid(e4c37d3fd5cc49d4e80fb4f8cd8b8288) Importer(815301076,1909f56bfc062723c751e8b465ee728b)
Start importing Assets/CreativeCore_Shaders/Textures/Kettle/Materials using Guid(e4c37d3fd5cc49d4e80fb4f8cd8b8288) Importer(815301076,1909f56bfc062723c751e8b465ee728b)  -> (artifact id: '3021e22e28bb2fb29d48bc4980d143ec') in 0.009336 seconds 
  Import took 0.014906 seconds .

========================================================================
Received Import Request.
  Time since last request: 114.106121 seconds.
  path: Assets/CreativeCore_Shaders/Textures/Characters/Ellen/Ellen_Body_Albedo.tif
  artifactKey: Guid(be0111b341746904d972d1bb2fa0e0a4) Importer(815301076,1909f56bfc062723c751e8b465ee728b)
Start importing Assets/CreativeCore_Shaders/Textures/Characters/Ellen/Ellen_Body_Albedo.tif using Guid(be0111b341746904d972d1bb2fa0e0a4) Importer(815301076,1909f56bfc062723c751e8b465ee728b)  -> (artifact id: '1a5c15c173678cd4672c0531fbfe6821') in 0.011928 seconds 
  Import took 0.016962 seconds .

========================================================================
Received Import Request.
  Time since last request: 0.000303 seconds.
  path: Assets/CreativeCore_Shaders/Textures/Characters/Ellen/Ellen_Body_Emission.tif
  artifactKey: Guid(b4b755d5cc444c54ca35b5c41555844e) Importer(815301076,1909f56bfc062723c751e8b465ee728b)
Start importing Assets/CreativeCore_Shaders/Textures/Characters/Ellen/Ellen_Body_Emission.tif using Guid(b4b755d5cc444c54ca35b5c41555844e) Importer(815301076,1909f56bfc062723c751e8b465ee728b)  -> (artifact id: 'ab734766c4d1781f7ab593e7ffbe56f9') in 0.011750 seconds 
  Import took 0.016765 seconds .

========================================================================
Received Import Request.
  Time since last request: 41.481774 seconds.
  path: Assets/CreativeCore_Shaders/Scenes/FinalScene_Shaders/Lightmap-0_comp_dir.png
  artifactKey: Guid(0169eeb19c6e7fc4092d99c456556d80) Importer(815301076,1909f56bfc062723c751e8b465ee728b)
Start importing Assets/CreativeCore_Shaders/Scenes/FinalScene_Shaders/Lightmap-0_comp_dir.png using Guid(0169eeb19c6e7fc4092d99c456556d80) Importer(815301076,1909f56bfc062723c751e8b465ee728b)  -> (artifact id: '0612702c09771f5623c2449e385aa850') in 0.019065 seconds 
  Import took 0.024147 seconds .

========================================================================
Received Import Request.
  Time since last request: 0.000447 seconds.
  path: Assets/CreativeCore_Shaders/Scenes/FinalScene_Shaders/Lightmap-0_comp_light.exr
  artifactKey: Guid(122413772a55a164aa301d624a11b1a0) Importer(815301076,1909f56bfc062723c751e8b465ee728b)
Start importing Assets/CreativeCore_Shaders/Scenes/FinalScene_Shaders/Lightmap-0_comp_light.exr using Guid(122413772a55a164aa301d624a11b1a0) Importer(815301076,1909f56bfc062723c751e8b465ee728b)  -> (artifact id: '4ec2ed8c64bec7331149cc50a4584253') in 0.045866 seconds 
  Import took 0.051000 seconds .

========================================================================
Received Import Request.
  Time since last request: 0.000367 seconds.
  path: Assets/CreativeCore_Shaders/Scenes/TutorialScene_Shaders/Lightmap-0_comp_dir.png
  artifactKey: Guid(1fed7d4262576314bbf97d7f7fecf61e) Importer(815301076,1909f56bfc062723c751e8b465ee728b)
Start importing Assets/CreativeCore_Shaders/Scenes/TutorialScene_Shaders/Lightmap-0_comp_dir.png using Guid(1fed7d4262576314bbf97d7f7fecf61e) Importer(815301076,1909f56bfc062723c751e8b465ee728b)  -> (artifact id: '48212a7a18afbb40d838be82cacb694f') in 0.023557 seconds 
  Import took 0.027740 seconds .

========================================================================
Received Import Request.
  Time since last request: 0.000397 seconds.
  path: Assets/CreativeCore_Shaders/Scenes/TutorialScene_Shaders/Lightmap-0_comp_light.exr
  artifactKey: Guid(307c90ea89c214745a04f86832626b19) Importer(815301076,1909f56bfc062723c751e8b465ee728b)
Start importing Assets/CreativeCore_Shaders/Scenes/TutorialScene_Shaders/Lightmap-0_comp_light.exr using Guid(307c90ea89c214745a04f86832626b19) Importer(815301076,1909f56bfc062723c751e8b465ee728b)  -> (artifact id: 'd76683fd01002b4c2051203a7db47c1f') in 0.049589 seconds 
  Import took 0.054458 seconds .

========================================================================
Received Import Request.
  Time since last request: 0.000287 seconds.
  path: Assets/CreativeCore_Shaders/Scenes/FinalScene_Shaders/Lightmap-0_comp_dir.png
  artifactKey: Guid(0169eeb19c6e7fc4092d99c456556d80) Importer(815301076,1909f56bfc062723c751e8b465ee728b)
Start importing Assets/CreativeCore_Shaders/Scenes/FinalScene_Shaders/Lightmap-0_comp_dir.png using Guid(0169eeb19c6e7fc4092d99c456556d80) Importer(815301076,1909f56bfc062723c751e8b465ee728b)  -> (artifact id: '0612702c09771f5623c2449e385aa850') in 0.025909 seconds 
  Import took 0.030023 seconds .

========================================================================
Received Import Request.
  Time since last request: 75.495947 seconds.
  path: Assets/CreativeCore_Shaders/Materials/glass jar.mat
  artifactKey: Guid(9ce76e575dbc28d45bc529f5e6d7e984) Importer(815301076,1909f56bfc062723c751e8b465ee728b)
Start importing Assets/CreativeCore_Shaders/Materials/glass jar.mat using Guid(9ce76e575dbc28d45bc529f5e6d7e984) Importer(815301076,1909f56bfc062723c751e8b465ee728b)  -> (artifact id: '15e535a234e86e0175a2dfbe259b55e6') in 0.037100 seconds 
  Import took 0.042198 seconds .

========================================================================
Received Import Request.
  Time since last request: 0.000347 seconds.
  path: Assets/CreativeCore_Shaders/Materials/kettle.mat
  artifactKey: Guid(2cb1c6d01b441284693460e400645636) Importer(815301076,1909f56bfc062723c751e8b465ee728b)
Start importing Assets/CreativeCore_Shaders/Materials/kettle.mat using Guid(2cb1c6d01b441284693460e400645636) Importer(815301076,1909f56bfc062723c751e8b465ee728b)  -> (artifact id: '2ce73ee204b0f1b80ca56387a5317551') in 0.049628 seconds 
  Import took 0.054039 seconds .

